2020-11-09 14:41:41,966 - INFO - driver_utils.py:Driver:11 - 当前系统为Darwin
2020-11-09 14:43:49,623 - INFO - driver_utils.py:Driver:11 - 当前系统为Darwin
2020-11-09 14:44:05,729 - INFO - driver_utils.py:Driver:11 - 当前系统为Darwin
2020-11-09 14:44:05,730 - INFO - driver_utils.py:Driver:13 - 选择的浏览器为: browserName 浏览器
2020-11-09 14:45:01,629 - INFO - driver_utils.py:Driver:12 - 当前系统为Darwin
2020-11-09 14:45:01,631 - INFO - driver_utils.py:Driver:14 - 选择的浏览器为: browserName 浏览器
2020-11-09 15:05:58,130 - INFO - driver_utils.py:Driver:12 - 当前系统为Darwin
2020-11-09 15:05:58,132 - INFO - driver_utils.py:Driver:14 - 选择的浏览器为: browserName 浏览器
2020-11-09 15:06:46,087 - INFO - driver_utils.py:Driver:12 - 当前系统为Darwin
2020-11-09 15:06:46,087 - INFO - driver_utils.py:Driver:14 - 选择的浏览器为: browserName 浏览器
2020-11-09 15:08:13,284 - INFO - driver_utils.py:Driver:12 - 当前系统为Darwin
2020-11-09 15:08:13,286 - INFO - driver_utils.py:Driver:14 - 选择的浏览器为: browserName 浏览器
2020-11-09 15:09:21,268 - INFO - driver_utils.py:Driver:12 - 当前系统为Darwin
2020-11-09 15:09:21,270 - INFO - driver_utils.py:Driver:14 - 选择的浏览器为: browserName 浏览器
2020-11-09 15:10:49,196 - INFO - driver_utils.py:Driver:12 - 当前系统为Darwin
2020-11-09 15:10:49,198 - INFO - driver_utils.py:Driver:14 - 选择的浏览器为: browserName 浏览器
2020-11-09 15:11:15,560 - INFO - driver_utils.py:Driver:12 - 当前系统为Darwin
2020-11-09 15:11:15,561 - INFO - driver_utils.py:Driver:14 - 选择的浏览器为: Chrome 浏览器
2020-11-09 15:12:09,812 - INFO - driver_utils.py:Driver:12 - 当前系统为Darwin
2020-11-09 15:12:09,813 - INFO - driver_utils.py:Driver:14 - 选择的浏览器为: Chrome 浏览器
2020-11-09 15:15:29,719 - INFO - driver_utils.py:Driver:12 - 当前系统为Darwin
2020-11-09 15:15:29,720 - INFO - driver_utils.py:Driver:14 - 选择的浏览器为: Chrome 浏览器
2020-11-09 15:16:35,912 - INFO - driver_utils.py:Driver:12 - 当前系统为Darwin
2020-11-09 15:16:35,913 - INFO - driver_utils.py:Driver:14 - 选择的浏览器为: Chrome 浏览器
2020-11-09 15:18:00,404 - INFO - driver_utils.py:Driver:12 - 当前系统为Darwin
2020-11-09 15:18:00,405 - INFO - driver_utils.py:Driver:14 - 选择的浏览器为: Chrome 浏览器
2020-11-09 15:21:46,594 - INFO - driver_utils.py:Driver:12 - 当前系统为Darwin
2020-11-09 15:21:46,595 - INFO - driver_utils.py:Driver:14 - 选择的浏览器为: Chrome 浏览器
2020-11-09 15:28:34,415 - INFO - driver_utils.py:Driver:12 - 当前系统为Darwin
2020-11-09 15:28:34,417 - INFO - driver_utils.py:Driver:14 - 选择的浏览器为: Chrome 浏览器
2020-11-09 15:29:49,220 - INFO - driver_utils.py:Driver:12 - 当前系统为Darwin
2020-11-09 15:29:49,221 - INFO - driver_utils.py:Driver:14 - 选择的浏览器为: Chrome 浏览器
2020-11-09 15:31:21,159 - INFO - driver_utils.py:Driver:12 - 当前系统为Darwin
2020-11-09 15:31:21,160 - INFO - driver_utils.py:Driver:14 - 选择的浏览器为: Chrome 浏览器
2020-11-09 15:32:59,858 - INFO - driver_utils.py:Driver:12 - 当前系统为Darwin
2020-11-09 15:32:59,859 - INFO - driver_utils.py:Driver:14 - 选择的浏览器为: Chrome 浏览器
2020-11-09 15:37:24,119 - INFO - driver_utils.py:Driver:12 - 当前系统为Darwin
2020-11-09 15:37:24,120 - INFO - driver_utils.py:Driver:14 - 选择的浏览器为: Chrome 浏览器
2020-11-09 15:39:54,582 - INFO - driver_utils.py:Driver:12 - 当前系统为Darwin
2020-11-09 15:39:54,583 - INFO - driver_utils.py:Driver:14 - 选择的浏览器为: Chrome 浏览器
2020-11-09 16:04:43,869 - INFO - driver_utils.py:Driver:12 - 当前系统为Darwin
2020-11-09 16:04:43,870 - INFO - driver_utils.py:Driver:14 - 选择的浏览器为: Chrome 浏览器
2020-11-09 16:16:15,549 - INFO - driver_utils.py:Driver:12 - 当前系统为Darwin
2020-11-09 16:16:15,551 - INFO - driver_utils.py:Driver:14 - 选择的浏览器为: Chrome 浏览器
2020-11-09 16:16:22,685 - INFO - basepage.py:click:86 - Click element by xpath: /html/body/div[2]/ul/div[1]/li/div[2]/ul/div[1]...
2020-11-09 17:29:13,187 - INFO - driver_utils.py:Driver:12 - 当前系统为Darwin
2020-11-09 17:29:13,188 - INFO - driver_utils.py:Driver:14 - 选择的浏览器为: Chrome 浏览器
2020-11-09 17:48:23,496 - INFO - driver_utils.py:Driver:12 - 当前系统为Darwin
2020-11-09 17:48:23,498 - INFO - driver_utils.py:Driver:14 - 选择的浏览器为: Chrome 浏览器
2020-11-09 17:48:57,565 - INFO - driver_utils.py:Driver:12 - 当前系统为Darwin
2020-11-09 17:48:57,566 - INFO - driver_utils.py:Driver:14 - 选择的浏览器为: Chrome 浏览器
2020-11-09 17:49:04,921 - INFO - basepage.py:click:86 - Click element by xpath: /html/body/div[2]/ul/div[1]/li/div[2]/ul/div[1]...
2020-11-09 17:49:05,504 - INFO - basepage.py:click:86 - Click element by xpath: //*[@id="pane-list"]/div/div[1]/div[1]/button[1]...
2020-11-09 17:49:05,795 - INFO - basepage.py:clear:100 - 清空文本框内容
2020-11-09 17:49:05,795 - INFO - basepage.py:send_key:107 - Input element by xpath: //*[@id="pane-top"]/div/form/div[2]/div/div[1]/input...
2020-11-09 17:49:05,795 - INFO - basepage.py:send_key:108 - Input: zzt-pytest-gaparent
2020-11-09 17:49:05,890 - INFO - basepage.py:clear:100 - 清空文本框内容
2020-11-09 17:49:05,891 - INFO - basepage.py:send_key:107 - Input element by xpath: //*[@id="pane-top"]/div/form/div[3]/div/div[1]/input...
2020-11-09 17:49:05,891 - INFO - basepage.py:send_key:108 - Input: 1001
2020-11-09 17:49:05,978 - INFO - basepage.py:clear:100 - 清空文本框内容
2020-11-09 17:49:05,978 - INFO - basepage.py:send_key:107 - Input element by xpath: //*[@id="pane-top"]/div/form/div[4]/div/div/input...
2020-11-09 17:49:05,979 - INFO - basepage.py:send_key:108 - Input: 1
2020-11-09 17:49:06,017 - INFO - basepage.py:click:86 - Click element by xpath: //*[@id="pane-top"]/div/div/button[2]...
2020-11-09 17:49:08,070 - INFO - basepage.py:click:86 - Click element by xpath: //*[@id="pane-list"]/div/div[2]/div/div/div[3]/table/tbody/tr[1]/td[1]/div...
2020-11-09 17:49:09,343 - INFO - basepage.py:click:86 - Click element by xpath: //*[@id="pane-list"]/div/div[1]/div[1]/button[2]...
2020-11-09 17:49:09,892 - INFO - basepage.py:clear:100 - 清空文本框内容
2020-11-09 17:49:09,892 - INFO - basepage.py:send_key:107 - Input element by xpath: //*[@id="pane-subset"]/div/form/div[2]/div/div[1]/input...
2020-11-09 17:49:09,892 - INFO - basepage.py:send_key:108 - Input: zzt-pytest-parent
2020-11-09 17:49:09,994 - INFO - basepage.py:clear:100 - 清空文本框内容
2020-11-09 17:49:09,995 - INFO - basepage.py:send_key:107 - Input element by xpath: //*[@id="pane-subset"]/div/form/div[3]/div/div[1]/input...
2020-11-09 17:49:09,995 - INFO - basepage.py:send_key:108 - Input: 1001001
2020-11-09 17:49:10,085 - INFO - basepage.py:clear:100 - 清空文本框内容
2020-11-09 17:49:10,085 - INFO - basepage.py:send_key:107 - Input element by xpath: //*[@id="pane-subset"]/div/form/div[4]/div/div/input...
2020-11-09 17:49:10,085 - INFO - basepage.py:send_key:108 - Input: 1
2020-11-09 17:49:10,122 - INFO - basepage.py:click:86 - Click element by xpath: //*[@id="pane-subset"]/div/div[1]/button[2]...
2020-11-09 17:49:12,170 - INFO - basepage.py:click:86 - Click element by xpath: //*[@id="pane-list"]/div/div[2]/div/div/div[3]/table/tbody/tr[2]/td[1]/div...
2020-11-09 17:49:12,337 - INFO - basepage.py:click:86 - Click element by xpath: //*[@id="pane-list"]/div/div[1]/div[1]/button[2]...
2020-11-09 17:49:12,862 - INFO - basepage.py:clear:100 - 清空文本框内容
2020-11-09 17:49:12,863 - INFO - basepage.py:send_key:107 - Input element by xpath: //*[@id="pane-subset"]/div/form/div[2]/div/div[1]/input...
2020-11-09 17:49:12,863 - INFO - basepage.py:send_key:108 - Input: zzt-pytest
2020-11-09 17:49:12,961 - INFO - basepage.py:clear:100 - 清空文本框内容
2020-11-09 17:49:12,961 - INFO - basepage.py:send_key:107 - Input element by xpath: //*[@id="pane-subset"]/div/form/div[3]/div/div[1]/input...
2020-11-09 17:49:12,961 - INFO - basepage.py:send_key:108 - Input: 1001001001
2020-11-09 17:49:13,054 - INFO - basepage.py:clear:100 - 清空文本框内容
2020-11-09 17:49:13,054 - INFO - basepage.py:send_key:107 - Input element by xpath: //*[@id="pane-subset"]/div/form/div[4]/div/div/input...
2020-11-09 17:49:13,054 - INFO - basepage.py:send_key:108 - Input: 1
2020-11-09 17:49:13,093 - INFO - basepage.py:click:86 - Click element by xpath: //*[@id="pane-subset"]/div/div[1]/button[2]...
2020-11-09 17:49:15,146 - INFO - basepage.py:click:86 - Click element by xpath: //*[@id="pane-list"]/div/div[2]/div/div/div[3]/table/tbody/tr[3]/td[1]/div...
2020-11-09 17:49:15,303 - INFO - basepage.py:click:86 - Click element by xpath: //*[@id="pane-list"]/div/div[1]/div[1]/button[3]...
2020-11-09 17:49:26,366 - ERROR - basepage.py:find_element:47 - Can not find element: //*[@id="pane-edit-0cab8bf0c500c1a4f96982b6ce914470"]/div/form/div[2]/div/div/input
2020-11-09 17:49:26,686 - INFO - basepage.py:get_screen_img:81 - 页面已截图，截图的路径为: /Users/juanjuan/Documents/project/python/yestae-test/screenshots/2020-11-09_17_49_26.png
2020-11-09 17:55:16,356 - INFO - driver_utils.py:Driver:12 - 当前系统为Darwin
2020-11-09 17:55:16,357 - INFO - driver_utils.py:Driver:14 - 选择的浏览器为: Chrome 浏览器
2020-11-09 17:55:23,410 - INFO - basepage.py:click:86 - Click element by xpath: /html/body/div[2]/ul/div[1]/li/div[2]/ul/div[1]...
2020-11-09 17:55:24,006 - INFO - basepage.py:click:86 - Click element by xpath: //*[@id="pane-list"]/div/div[1]/div[1]/button[1]...
2020-11-09 17:55:24,328 - INFO - basepage.py:clear:100 - 清空文本框内容
2020-11-09 17:55:24,328 - INFO - basepage.py:send_key:107 - Input element by xpath: //*[@id="pane-top"]/div/form/div[2]/div/div[1]/input...
2020-11-09 17:55:24,328 - INFO - basepage.py:send_key:108 - Input: zzt-pytest-gaparent
2020-11-09 17:55:24,425 - INFO - basepage.py:clear:100 - 清空文本框内容
2020-11-09 17:55:24,425 - INFO - basepage.py:send_key:107 - Input element by xpath: //*[@id="pane-top"]/div/form/div[3]/div/div[1]/input...
2020-11-09 17:55:24,426 - INFO - basepage.py:send_key:108 - Input: 1001
2020-11-09 17:55:24,505 - INFO - basepage.py:clear:100 - 清空文本框内容
2020-11-09 17:55:24,506 - INFO - basepage.py:send_key:107 - Input element by xpath: //*[@id="pane-top"]/div/form/div[4]/div/div/input...
2020-11-09 17:55:24,506 - INFO - basepage.py:send_key:108 - Input: 1
2020-11-09 17:55:24,543 - INFO - basepage.py:click:86 - Click element by xpath: //*[@id="pane-top"]/div/div/button[2]...
2020-11-09 17:55:26,595 - INFO - basepage.py:click:86 - Click element by xpath: //*[@id="pane-list"]/div/div[2]/div/div/div[3]/table/tbody/tr[1]/td[1]/div...
2020-11-09 17:55:26,760 - INFO - basepage.py:click:86 - Click element by xpath: //*[@id="pane-list"]/div/div[1]/div[1]/button[2]...
2020-11-09 17:55:27,284 - INFO - basepage.py:clear:100 - 清空文本框内容
2020-11-09 17:55:27,284 - INFO - basepage.py:send_key:107 - Input element by xpath: //*[@id="pane-subset"]/div/form/div[2]/div/div[1]/input...
2020-11-09 17:55:27,284 - INFO - basepage.py:send_key:108 - Input: zzt-pytest-parent
2020-11-09 17:55:27,388 - INFO - basepage.py:clear:100 - 清空文本框内容
2020-11-09 17:55:27,388 - INFO - basepage.py:send_key:107 - Input element by xpath: //*[@id="pane-subset"]/div/form/div[3]/div/div[1]/input...
2020-11-09 17:55:27,388 - INFO - basepage.py:send_key:108 - Input: 1001001
2020-11-09 17:55:27,482 - INFO - basepage.py:clear:100 - 清空文本框内容
2020-11-09 17:55:27,482 - INFO - basepage.py:send_key:107 - Input element by xpath: //*[@id="pane-subset"]/div/form/div[4]/div/div/input...
2020-11-09 17:55:27,482 - INFO - basepage.py:send_key:108 - Input: 1
2020-11-09 17:55:27,521 - INFO - basepage.py:click:86 - Click element by xpath: //*[@id="pane-subset"]/div/div[1]/button[2]...
2020-11-09 17:55:29,571 - INFO - basepage.py:click:86 - Click element by xpath: //*[@id="pane-list"]/div/div[2]/div/div/div[3]/table/tbody/tr[2]/td[1]/div...
2020-11-09 17:55:29,720 - INFO - basepage.py:click:86 - Click element by xpath: //*[@id="pane-list"]/div/div[1]/div[1]/button[2]...
2020-11-09 17:55:30,238 - INFO - basepage.py:clear:100 - 清空文本框内容
2020-11-09 17:55:30,238 - INFO - basepage.py:send_key:107 - Input element by xpath: //*[@id="pane-subset"]/div/form/div[2]/div/div[1]/input...
2020-11-09 17:55:30,238 - INFO - basepage.py:send_key:108 - Input: zzt-pytest
2020-11-09 17:55:30,333 - INFO - basepage.py:clear:100 - 清空文本框内容
2020-11-09 17:55:30,333 - INFO - basepage.py:send_key:107 - Input element by xpath: //*[@id="pane-subset"]/div/form/div[3]/div/div[1]/input...
2020-11-09 17:55:30,333 - INFO - basepage.py:send_key:108 - Input: 1001001001
2020-11-09 17:55:30,426 - INFO - basepage.py:clear:100 - 清空文本框内容
2020-11-09 17:55:30,426 - INFO - basepage.py:send_key:107 - Input element by xpath: //*[@id="pane-subset"]/div/form/div[4]/div/div/input...
2020-11-09 17:55:30,426 - INFO - basepage.py:send_key:108 - Input: 1
2020-11-09 17:55:30,466 - INFO - basepage.py:click:86 - Click element by xpath: //*[@id="pane-subset"]/div/div[1]/button[2]...
2020-11-09 17:55:32,519 - INFO - basepage.py:click:86 - Click element by xpath: //*[@id="pane-list"]/div/div[2]/div/div/div[3]/table/tbody/tr[3]/td[1]/div...
2020-11-09 17:55:32,680 - INFO - basepage.py:click:86 - Click element by xpath: //*[@id="pane-list"]/div/div[1]/div[1]/button[3]...
2020-11-09 17:55:43,535 - ERROR - basepage.py:find_element:47 - Can not find element: //div[starts-with(@id,’pane-edit’)]/div/form/div[2]/div/div/input
2020-11-09 17:55:43,865 - INFO - basepage.py:get_screen_img:81 - 页面已截图，截图的路径为: /Users/juanjuan/Documents/project/python/yestae-test/screenshots/2020-11-09_17_55_43.png
2020-11-09 17:57:15,945 - INFO - driver_utils.py:Driver:12 - 当前系统为Darwin
2020-11-09 17:57:15,946 - INFO - driver_utils.py:Driver:14 - 选择的浏览器为: Chrome 浏览器
2020-11-09 17:57:22,427 - INFO - basepage.py:click:86 - Click element by xpath: /html/body/div[2]/ul/div[1]/li/div[2]/ul/div[1]...
2020-11-09 17:57:32,906 - ERROR - basepage.py:find_element:47 - Can not find element: /html/body/div[2]/ul/div[1]/li/div[2]/ul/div[1]
2020-11-09 17:57:33,255 - INFO - basepage.py:get_screen_img:81 - 页面已截图，截图的路径为: /Users/juanjuan/Documents/project/python/yestae-test/screenshots/2020-11-09_17_57_32.png
2020-11-09 17:57:33,255 - ERROR - basepage.py:click:91 - 无法点击元素: Message: 

2020-11-09 17:57:33,545 - INFO - basepage.py:get_screen_img:81 - 页面已截图，截图的路径为: /Users/juanjuan/Documents/project/python/yestae-test/screenshots/2020-11-09_17_57_33.png
2020-11-09 17:58:05,535 - INFO - driver_utils.py:Driver:12 - 当前系统为Darwin
2020-11-09 17:58:05,536 - INFO - driver_utils.py:Driver:14 - 选择的浏览器为: Chrome 浏览器
2020-11-09 17:58:12,062 - INFO - basepage.py:click:86 - Click element by xpath: /html/body/div[2]/ul/div[1]/li/div[2]/ul/div[1]...
2020-11-09 17:58:12,650 - INFO - basepage.py:click:86 - Click element by xpath: //*[@id="pane-list"]/div/div[1]/div[1]/button[1]...
2020-11-09 17:58:12,997 - INFO - basepage.py:clear:100 - 清空文本框内容
2020-11-09 17:58:12,997 - INFO - basepage.py:send_key:107 - Input element by xpath: //*[@id="pane-top"]/div/form/div[2]/div/div[1]/input...
2020-11-09 17:58:12,997 - INFO - basepage.py:send_key:108 - Input: zzt-pytest-gaparent
2020-11-09 17:58:13,095 - INFO - basepage.py:clear:100 - 清空文本框内容
2020-11-09 17:58:13,095 - INFO - basepage.py:send_key:107 - Input element by xpath: //*[@id="pane-top"]/div/form/div[3]/div/div[1]/input...
2020-11-09 17:58:13,095 - INFO - basepage.py:send_key:108 - Input: 1001
2020-11-09 17:58:13,178 - INFO - basepage.py:clear:100 - 清空文本框内容
2020-11-09 17:58:13,178 - INFO - basepage.py:send_key:107 - Input element by xpath: //*[@id="pane-top"]/div/form/div[4]/div/div/input...
2020-11-09 17:58:13,178 - INFO - basepage.py:send_key:108 - Input: 1
2020-11-09 17:58:13,215 - INFO - basepage.py:click:86 - Click element by xpath: //*[@id="pane-top"]/div/div/button[2]...
2020-11-09 17:58:15,268 - INFO - basepage.py:click:86 - Click element by xpath: //*[@id="pane-list"]/div/div[2]/div/div/div[3]/table/tbody/tr[1]/td[1]/div...
2020-11-09 17:58:15,428 - INFO - basepage.py:click:86 - Click element by xpath: //*[@id="pane-list"]/div/div[1]/div[1]/button[2]...
2020-11-09 17:58:16,001 - INFO - basepage.py:clear:100 - 清空文本框内容
2020-11-09 17:58:16,001 - INFO - basepage.py:send_key:107 - Input element by xpath: //*[@id="pane-subset"]/div/form/div[2]/div/div[1]/input...
2020-11-09 17:58:16,001 - INFO - basepage.py:send_key:108 - Input: zzt-pytest-parent
2020-11-09 17:58:16,099 - INFO - basepage.py:clear:100 - 清空文本框内容
2020-11-09 17:58:16,099 - INFO - basepage.py:send_key:107 - Input element by xpath: //*[@id="pane-subset"]/div/form/div[3]/div/div[1]/input...
2020-11-09 17:58:16,099 - INFO - basepage.py:send_key:108 - Input: 1001001
2020-11-09 17:58:16,210 - INFO - basepage.py:clear:100 - 清空文本框内容
2020-11-09 17:58:16,210 - INFO - basepage.py:send_key:107 - Input element by xpath: //*[@id="pane-subset"]/div/form/div[4]/div/div/input...
2020-11-09 17:58:16,210 - INFO - basepage.py:send_key:108 - Input: 1
2020-11-09 17:58:16,249 - INFO - basepage.py:click:86 - Click element by xpath: //*[@id="pane-subset"]/div/div[1]/button[2]...
2020-11-09 17:58:18,295 - INFO - basepage.py:click:86 - Click element by xpath: //*[@id="pane-list"]/div/div[2]/div/div/div[3]/table/tbody/tr[2]/td[1]/div...
2020-11-09 17:58:18,461 - INFO - basepage.py:click:86 - Click element by xpath: //*[@id="pane-list"]/div/div[1]/div[1]/button[2]...
2020-11-09 17:58:18,963 - INFO - basepage.py:clear:100 - 清空文本框内容
2020-11-09 17:58:18,963 - INFO - basepage.py:send_key:107 - Input element by xpath: //*[@id="pane-subset"]/div/form/div[2]/div/div[1]/input...
2020-11-09 17:58:18,963 - INFO - basepage.py:send_key:108 - Input: zzt-pytest
2020-11-09 17:58:19,063 - INFO - basepage.py:clear:100 - 清空文本框内容
2020-11-09 17:58:19,064 - INFO - basepage.py:send_key:107 - Input element by xpath: //*[@id="pane-subset"]/div/form/div[3]/div/div[1]/input...
2020-11-09 17:58:19,064 - INFO - basepage.py:send_key:108 - Input: 1001001001
2020-11-09 17:58:19,158 - INFO - basepage.py:clear:100 - 清空文本框内容
2020-11-09 17:58:19,158 - INFO - basepage.py:send_key:107 - Input element by xpath: //*[@id="pane-subset"]/div/form/div[4]/div/div/input...
2020-11-09 17:58:19,158 - INFO - basepage.py:send_key:108 - Input: 1
2020-11-09 17:58:19,201 - INFO - basepage.py:click:86 - Click element by xpath: //*[@id="pane-subset"]/div/div[1]/button[2]...
2020-11-09 17:58:21,251 - INFO - basepage.py:click:86 - Click element by xpath: //*[@id="pane-list"]/div/div[2]/div/div/div[3]/table/tbody/tr[3]/td[1]/div...
2020-11-09 17:58:21,414 - INFO - basepage.py:click:86 - Click element by xpath: //*[@id="pane-list"]/div/div[1]/div[1]/button[3]...
2020-11-09 17:58:21,952 - INFO - basepage.py:clear:100 - 清空文本框内容
2020-11-09 17:58:21,953 - INFO - basepage.py:send_key:107 - Input element by xpath: //div[starts-with(@id,"pane-edit")]/div/form/div[2]/div/div/input...
2020-11-09 17:58:21,953 - INFO - basepage.py:send_key:108 - Input: zzt-pytest-01
2020-11-09 17:58:22,043 - INFO - basepage.py:clear:100 - 清空文本框内容
2020-11-09 17:58:22,043 - INFO - basepage.py:send_key:107 - Input element by xpath: //div[starts-with(@id,"pane-edit")]/div/form/div[3]/div/div/input...
2020-11-09 17:58:22,043 - INFO - basepage.py:send_key:108 - Input: 1001001001
2020-11-09 17:58:22,139 - INFO - basepage.py:clear:100 - 清空文本框内容
2020-11-09 17:58:22,140 - INFO - basepage.py:send_key:107 - Input element by xpath: //div[starts-with(@id,"pane-edit")]/div/form/div[4]/div/div/input...
2020-11-09 17:58:22,140 - INFO - basepage.py:send_key:108 - Input: 1
2020-11-09 17:58:22,178 - INFO - basepage.py:click:86 - Click element by xpath: //div[starts-with(@id,"pane-edit")]/div/div[1]/button[2]...
2020-11-09 17:58:34,239 - INFO - basepage.py:click:86 - Click element by xpath: //*[@id="pane-list"]/div/div[2]/div/div/div[3]/table/tbody/tr[3]/td[1]/div...
2020-11-09 17:58:44,265 - ERROR - basepage.py:find_element:47 - Can not find element: //*[@id="pane-list"]/div/div[2]/div/div/div[3]/table/tbody/tr[3]/td[1]/div
2020-11-09 17:58:44,571 - INFO - basepage.py:get_screen_img:81 - 页面已截图，截图的路径为: /Users/juanjuan/Documents/project/python/yestae-test/screenshots/2020-11-09_17_58_44.png
2020-11-09 17:58:44,571 - ERROR - basepage.py:click:91 - 无法点击元素: Message: 

2020-11-09 17:58:44,858 - INFO - basepage.py:get_screen_img:81 - 页面已截图，截图的路径为: /Users/juanjuan/Documents/project/python/yestae-test/screenshots/2020-11-09_17_58_44.png
2020-11-09 18:02:42,299 - INFO - driver_utils.py:Driver:12 - 当前系统为Darwin
2020-11-09 18:02:42,301 - INFO - driver_utils.py:Driver:14 - 选择的浏览器为: Chrome 浏览器
2020-11-09 18:02:49,451 - INFO - basepage.py:click:86 - Click element by xpath: /html/body/div[2]/ul/div[1]/li/div[2]/ul/div[1]...
2020-11-09 18:02:50,045 - INFO - basepage.py:click:86 - Click element by xpath: //*[@id="pane-list"]/div/div[1]/div[1]/button[1]...
2020-11-09 18:02:50,324 - INFO - basepage.py:clear:100 - 清空文本框内容
2020-11-09 18:02:50,324 - INFO - basepage.py:send_key:107 - Input element by xpath: //*[@id="pane-top"]/div/form/div[2]/div/div[1]/input...
2020-11-09 18:02:50,324 - INFO - basepage.py:send_key:108 - Input: zzt-pytest-gaparent
2020-11-09 18:02:50,417 - INFO - basepage.py:clear:100 - 清空文本框内容
2020-11-09 18:02:50,418 - INFO - basepage.py:send_key:107 - Input element by xpath: //*[@id="pane-top"]/div/form/div[3]/div/div[1]/input...
2020-11-09 18:02:50,418 - INFO - basepage.py:send_key:108 - Input: 1001
2020-11-09 18:02:50,507 - INFO - basepage.py:clear:100 - 清空文本框内容
2020-11-09 18:02:50,507 - INFO - basepage.py:send_key:107 - Input element by xpath: //*[@id="pane-top"]/div/form/div[4]/div/div/input...
2020-11-09 18:02:50,507 - INFO - basepage.py:send_key:108 - Input: 1
2020-11-09 18:02:50,544 - INFO - basepage.py:click:86 - Click element by xpath: //*[@id="pane-top"]/div/div/button[2]...
2020-11-09 18:02:52,599 - INFO - basepage.py:click:86 - Click element by xpath: //*[@id="pane-list"]/div/div[2]/div/div/div[3]/table/tbody/tr[1]/td[1]/div...
2020-11-09 18:02:52,840 - INFO - basepage.py:click:86 - Click element by xpath: //*[@id="pane-list"]/div/div[1]/div[1]/button[2]...
2020-11-09 18:02:53,400 - INFO - basepage.py:clear:100 - 清空文本框内容
2020-11-09 18:02:53,400 - INFO - basepage.py:send_key:107 - Input element by xpath: //*[@id="pane-subset"]/div/form/div[2]/div/div[1]/input...
2020-11-09 18:02:53,400 - INFO - basepage.py:send_key:108 - Input: zzt-pytest-parent
2020-11-09 18:02:53,498 - INFO - basepage.py:clear:100 - 清空文本框内容
2020-11-09 18:02:53,498 - INFO - basepage.py:send_key:107 - Input element by xpath: //*[@id="pane-subset"]/div/form/div[3]/div/div[1]/input...
2020-11-09 18:02:53,498 - INFO - basepage.py:send_key:108 - Input: 1001001
2020-11-09 18:02:53,593 - INFO - basepage.py:clear:100 - 清空文本框内容
2020-11-09 18:02:53,593 - INFO - basepage.py:send_key:107 - Input element by xpath: //*[@id="pane-subset"]/div/form/div[4]/div/div/input...
2020-11-09 18:02:53,593 - INFO - basepage.py:send_key:108 - Input: 1
2020-11-09 18:02:53,630 - INFO - basepage.py:click:86 - Click element by xpath: //*[@id="pane-subset"]/div/div[1]/button[2]...
2020-11-09 18:02:55,683 - INFO - basepage.py:click:86 - Click element by xpath: //*[@id="pane-list"]/div/div[2]/div/div/div[3]/table/tbody/tr[2]/td[1]/div...
2020-11-09 18:02:55,836 - INFO - basepage.py:click:86 - Click element by xpath: //*[@id="pane-list"]/div/div[1]/div[1]/button[2]...
2020-11-09 18:02:56,358 - INFO - basepage.py:clear:100 - 清空文本框内容
2020-11-09 18:02:56,359 - INFO - basepage.py:send_key:107 - Input element by xpath: //*[@id="pane-subset"]/div/form/div[2]/div/div[1]/input...
2020-11-09 18:02:56,359 - INFO - basepage.py:send_key:108 - Input: zzt-pytest
2020-11-09 18:02:56,452 - INFO - basepage.py:clear:100 - 清空文本框内容
2020-11-09 18:02:56,452 - INFO - basepage.py:send_key:107 - Input element by xpath: //*[@id="pane-subset"]/div/form/div[3]/div/div[1]/input...
2020-11-09 18:02:56,452 - INFO - basepage.py:send_key:108 - Input: 1001001001
2020-11-09 18:02:56,537 - INFO - basepage.py:clear:100 - 清空文本框内容
2020-11-09 18:02:56,538 - INFO - basepage.py:send_key:107 - Input element by xpath: //*[@id="pane-subset"]/div/form/div[4]/div/div/input...
2020-11-09 18:02:56,538 - INFO - basepage.py:send_key:108 - Input: 1
2020-11-09 18:02:56,575 - INFO - basepage.py:click:86 - Click element by xpath: //*[@id="pane-subset"]/div/div[1]/button[2]...
2020-11-09 18:02:58,680 - INFO - basepage.py:click:86 - Click element by xpath: //*[@id="pane-list"]/div/div[2]/div/div/div[3]/table/tbody/tr[3]/td[1]/div...
2020-11-09 18:02:58,842 - INFO - basepage.py:click:86 - Click element by xpath: //*[@id="pane-list"]/div/div[1]/div[1]/button[3]...
2020-11-09 18:02:59,429 - INFO - basepage.py:clear:100 - 清空文本框内容
2020-11-09 18:02:59,429 - INFO - basepage.py:send_key:107 - Input element by xpath: //div[starts-with(@id,"pane-edit")]/div/form/div[2]/div/div/input...
2020-11-09 18:02:59,429 - INFO - basepage.py:send_key:108 - Input: zzt-pytest-01
2020-11-09 18:02:59,522 - INFO - basepage.py:clear:100 - 清空文本框内容
2020-11-09 18:02:59,522 - INFO - basepage.py:send_key:107 - Input element by xpath: //div[starts-with(@id,"pane-edit")]/div/form/div[3]/div/div/input...
2020-11-09 18:02:59,522 - INFO - basepage.py:send_key:108 - Input: 1001001001
2020-11-09 18:02:59,609 - INFO - basepage.py:clear:100 - 清空文本框内容
2020-11-09 18:02:59,610 - INFO - basepage.py:send_key:107 - Input element by xpath: //div[starts-with(@id,"pane-edit")]/div/form/div[4]/div/div/input...
2020-11-09 18:02:59,610 - INFO - basepage.py:send_key:108 - Input: 1
2020-11-09 18:02:59,647 - INFO - basepage.py:click:86 - Click element by xpath: //div[starts-with(@id,"pane-edit")]/div/div[1]/button[2]...
2020-11-09 18:03:11,696 - INFO - basepage.py:click:86 - Click element by xpath: //*[@id="pane-list"]/div/div[2]/div/div/div[3]/table/tbody/tr[3]/td[1]/div...
2020-11-09 18:03:11,903 - INFO - basepage.py:click:86 - Click element by xpath: //*[@id="pane-list"]/div/div[1]/div[1]/button[4]...
2020-11-09 18:03:12,432 - INFO - basepage.py:click:86 - Click element by xpath: //*[@id="pane-list"]/div/div[2]/div/div/div[3]/table/tbody/tr[2]/td[1]/div...
2020-11-09 18:03:13,744 - ERROR - basepage.py:click:91 - 无法点击元素: Message: element click intercepted: Element <div class="cell">...</div> is not clickable at point (208, 137). Other element would receive the click: <div tabindex="-1" role="dialog" aria-modal="true" aria-label="提示" class="el-message-box__wrapper" style="z-index: 2013;">...</div>
  (Session info: chrome=86.0.4240.183)

2020-11-09 18:03:14,149 - INFO - basepage.py:get_screen_img:81 - 页面已截图，截图的路径为: /Users/juanjuan/Documents/project/python/yestae-test/screenshots/2020-11-09_18_03_13.png
2020-11-09 18:08:57,340 - INFO - driver_utils.py:Driver:12 - 当前系统为Darwin
2020-11-09 18:08:57,341 - INFO - driver_utils.py:Driver:14 - 选择的浏览器为: Chrome 浏览器
2020-11-09 18:09:05,076 - INFO - basepage.py:click:86 - Click element by xpath: /html/body/div[2]/ul/div[1]/li/div[2]/ul/div[1]...
2020-11-09 18:09:05,653 - INFO - basepage.py:click:86 - Click element by xpath: //*[@id="pane-list"]/div/div[1]/div[1]/button[1]...
2020-11-09 18:09:05,966 - INFO - basepage.py:clear:100 - 清空文本框内容
2020-11-09 18:09:05,966 - INFO - basepage.py:send_key:107 - Input element by xpath: //*[@id="pane-top"]/div/form/div[2]/div/div[1]/input...
2020-11-09 18:09:05,966 - INFO - basepage.py:send_key:108 - Input: zzt-pytest-gaparent
2020-11-09 18:09:06,063 - INFO - basepage.py:clear:100 - 清空文本框内容
2020-11-09 18:09:06,063 - INFO - basepage.py:send_key:107 - Input element by xpath: //*[@id="pane-top"]/div/form/div[3]/div/div[1]/input...
2020-11-09 18:09:06,063 - INFO - basepage.py:send_key:108 - Input: 1001
2020-11-09 18:09:06,143 - INFO - basepage.py:clear:100 - 清空文本框内容
2020-11-09 18:09:06,143 - INFO - basepage.py:send_key:107 - Input element by xpath: //*[@id="pane-top"]/div/form/div[4]/div/div/input...
2020-11-09 18:09:06,143 - INFO - basepage.py:send_key:108 - Input: 1
2020-11-09 18:09:06,184 - INFO - basepage.py:click:86 - Click element by xpath: //*[@id="pane-top"]/div/div/button[2]...
2020-11-09 18:09:08,234 - INFO - basepage.py:click:86 - Click element by xpath: //*[@id="pane-list"]/div/div[2]/div/div/div[3]/table/tbody/tr[1]/td[1]/div...
2020-11-09 18:09:08,763 - INFO - basepage.py:click:86 - Click element by xpath: //*[@id="pane-list"]/div/div[1]/div[1]/button[2]...
2020-11-09 18:09:09,258 - INFO - basepage.py:clear:100 - 清空文本框内容
2020-11-09 18:09:09,258 - INFO - basepage.py:send_key:107 - Input element by xpath: //*[@id="pane-subset"]/div/form/div[2]/div/div[1]/input...
2020-11-09 18:09:09,258 - INFO - basepage.py:send_key:108 - Input: zzt-pytest-parent
2020-11-09 18:09:09,353 - INFO - basepage.py:clear:100 - 清空文本框内容
2020-11-09 18:09:09,353 - INFO - basepage.py:send_key:107 - Input element by xpath: //*[@id="pane-subset"]/div/form/div[3]/div/div[1]/input...
2020-11-09 18:09:09,353 - INFO - basepage.py:send_key:108 - Input: 1001001
2020-11-09 18:09:09,445 - INFO - basepage.py:clear:100 - 清空文本框内容
2020-11-09 18:09:09,445 - INFO - basepage.py:send_key:107 - Input element by xpath: //*[@id="pane-subset"]/div/form/div[4]/div/div/input...
2020-11-09 18:09:09,445 - INFO - basepage.py:send_key:108 - Input: 1
2020-11-09 18:09:09,482 - INFO - basepage.py:click:86 - Click element by xpath: //*[@id="pane-subset"]/div/div[1]/button[2]...
2020-11-09 18:09:11,536 - INFO - basepage.py:click:86 - Click element by xpath: //*[@id="pane-list"]/div/div[2]/div/div/div[3]/table/tbody/tr[2]/td[1]/div...
2020-11-09 18:09:11,684 - INFO - basepage.py:click:86 - Click element by xpath: //*[@id="pane-list"]/div/div[1]/div[1]/button[2]...
2020-11-09 18:09:12,187 - INFO - basepage.py:clear:100 - 清空文本框内容
2020-11-09 18:09:12,188 - INFO - basepage.py:send_key:107 - Input element by xpath: //*[@id="pane-subset"]/div/form/div[2]/div/div[1]/input...
2020-11-09 18:09:12,188 - INFO - basepage.py:send_key:108 - Input: zzt-pytest
2020-11-09 18:09:12,282 - INFO - basepage.py:clear:100 - 清空文本框内容
2020-11-09 18:09:12,282 - INFO - basepage.py:send_key:107 - Input element by xpath: //*[@id="pane-subset"]/div/form/div[3]/div/div[1]/input...
2020-11-09 18:09:12,283 - INFO - basepage.py:send_key:108 - Input: 1001001001
2020-11-09 18:09:12,378 - INFO - basepage.py:clear:100 - 清空文本框内容
2020-11-09 18:09:12,378 - INFO - basepage.py:send_key:107 - Input element by xpath: //*[@id="pane-subset"]/div/form/div[4]/div/div/input...
2020-11-09 18:09:12,378 - INFO - basepage.py:send_key:108 - Input: 1
2020-11-09 18:09:12,416 - INFO - basepage.py:click:86 - Click element by xpath: //*[@id="pane-subset"]/div/div[1]/button[2]...
2020-11-09 18:09:14,516 - INFO - basepage.py:click:86 - Click element by xpath: //*[@id="pane-list"]/div/div[2]/div/div/div[3]/table/tbody/tr[3]/td[1]/div...
2020-11-09 18:09:14,666 - INFO - basepage.py:click:86 - Click element by xpath: //*[@id="pane-list"]/div/div[1]/div[1]/button[3]...
2020-11-09 18:09:15,213 - INFO - basepage.py:clear:100 - 清空文本框内容
2020-11-09 18:09:15,213 - INFO - basepage.py:send_key:107 - Input element by xpath: //div[starts-with(@id,"pane-edit")]/div/form/div[2]/div/div/input...
2020-11-09 18:09:15,213 - INFO - basepage.py:send_key:108 - Input: zzt-pytest-01
2020-11-09 18:09:15,321 - INFO - basepage.py:clear:100 - 清空文本框内容
2020-11-09 18:09:15,321 - INFO - basepage.py:send_key:107 - Input element by xpath: //div[starts-with(@id,"pane-edit")]/div/form/div[3]/div/div/input...
2020-11-09 18:09:15,321 - INFO - basepage.py:send_key:108 - Input: 1001001001
2020-11-09 18:09:15,417 - INFO - basepage.py:clear:100 - 清空文本框内容
2020-11-09 18:09:15,418 - INFO - basepage.py:send_key:107 - Input element by xpath: //div[starts-with(@id,"pane-edit")]/div/form/div[4]/div/div/input...
2020-11-09 18:09:15,418 - INFO - basepage.py:send_key:108 - Input: 1
2020-11-09 18:09:15,455 - INFO - basepage.py:click:86 - Click element by xpath: //div[starts-with(@id,"pane-edit")]/div/div[1]/button[2]...
2020-11-09 18:09:19,501 - INFO - basepage.py:click:86 - Click element by xpath: //*[@id="pane-list"]/div/div[2]/div/div/div[3]/table/tbody/tr[3]/td[1]/div...
2020-11-09 18:09:19,645 - INFO - basepage.py:click:86 - Click element by xpath: //*[@id="pane-list"]/div/div[1]/div[1]/button[4]...
2020-11-09 18:09:22,149 - INFO - basepage.py:click:86 - Click element by xpath: //*[@id="pane-list"]/div/div[2]/div/div/div[3]/table/tbody/tr[2]/td[1]/div...
2020-11-09 18:09:23,254 - ERROR - basepage.py:click:91 - 无法点击元素: Message: element click intercepted: Element <div class="cell">...</div> is not clickable at point (208, 137). Other element would receive the click: <div tabindex="-1" role="dialog" aria-modal="true" aria-label="提示" class="el-message-box__wrapper" style="z-index: 2013;">...</div>
  (Session info: chrome=86.0.4240.183)

2020-11-09 18:09:23,625 - INFO - basepage.py:get_screen_img:81 - 页面已截图，截图的路径为: /Users/juanjuan/Documents/project/python/yestae-test/screenshots/2020-11-09_18_09_23.png
2020-11-09 18:10:36,301 - INFO - driver_utils.py:Driver:12 - 当前系统为Darwin
2020-11-09 18:10:36,303 - INFO - driver_utils.py:Driver:14 - 选择的浏览器为: Chrome 浏览器
2020-11-09 18:10:45,048 - INFO - basepage.py:click:86 - Click element by xpath: /html/body/div[2]/ul/div[1]/li/div[2]/ul/div[1]...
2020-11-09 18:10:45,648 - INFO - basepage.py:click:86 - Click element by xpath: //*[@id="pane-list"]/div/div[1]/div[1]/button[1]...
2020-11-09 18:10:46,074 - INFO - basepage.py:clear:100 - 清空文本框内容
2020-11-09 18:10:46,075 - INFO - basepage.py:send_key:107 - Input element by xpath: //*[@id="pane-top"]/div/form/div[2]/div/div[1]/input...
2020-11-09 18:10:46,075 - INFO - basepage.py:send_key:108 - Input: zzt-pytest-gaparent
2020-11-09 18:10:46,172 - INFO - basepage.py:clear:100 - 清空文本框内容
2020-11-09 18:10:46,172 - INFO - basepage.py:send_key:107 - Input element by xpath: //*[@id="pane-top"]/div/form/div[3]/div/div[1]/input...
2020-11-09 18:10:46,172 - INFO - basepage.py:send_key:108 - Input: 1001
2020-11-09 18:10:46,260 - INFO - basepage.py:clear:100 - 清空文本框内容
2020-11-09 18:10:46,261 - INFO - basepage.py:send_key:107 - Input element by xpath: //*[@id="pane-top"]/div/form/div[4]/div/div/input...
2020-11-09 18:10:46,261 - INFO - basepage.py:send_key:108 - Input: 1
2020-11-09 18:10:46,300 - INFO - basepage.py:click:86 - Click element by xpath: //*[@id="pane-top"]/div/div/button[2]...
2020-11-09 18:10:48,360 - INFO - basepage.py:click:86 - Click element by xpath: //*[@id="pane-list"]/div/div[2]/div/div/div[3]/table/tbody/tr[1]/td[1]/div...
2020-11-09 18:10:48,755 - INFO - basepage.py:click:86 - Click element by xpath: //*[@id="pane-list"]/div/div[1]/div[1]/button[2]...
2020-11-09 18:10:49,321 - INFO - basepage.py:clear:100 - 清空文本框内容
2020-11-09 18:10:49,322 - INFO - basepage.py:send_key:107 - Input element by xpath: //*[@id="pane-subset"]/div/form/div[2]/div/div[1]/input...
2020-11-09 18:10:49,322 - INFO - basepage.py:send_key:108 - Input: zzt-pytest-parent
2020-11-09 18:10:49,423 - INFO - basepage.py:clear:100 - 清空文本框内容
2020-11-09 18:10:49,423 - INFO - basepage.py:send_key:107 - Input element by xpath: //*[@id="pane-subset"]/div/form/div[3]/div/div[1]/input...
2020-11-09 18:10:49,423 - INFO - basepage.py:send_key:108 - Input: 1001001
2020-11-09 18:10:49,520 - INFO - basepage.py:clear:100 - 清空文本框内容
2020-11-09 18:10:49,520 - INFO - basepage.py:send_key:107 - Input element by xpath: //*[@id="pane-subset"]/div/form/div[4]/div/div/input...
2020-11-09 18:10:49,520 - INFO - basepage.py:send_key:108 - Input: 1
2020-11-09 18:10:49,559 - INFO - basepage.py:click:86 - Click element by xpath: //*[@id="pane-subset"]/div/div[1]/button[2]...
2020-11-09 18:10:51,672 - INFO - basepage.py:click:86 - Click element by xpath: //*[@id="pane-list"]/div/div[2]/div/div/div[3]/table/tbody/tr[2]/td[1]/div...
2020-11-09 18:10:51,838 - INFO - basepage.py:click:86 - Click element by xpath: //*[@id="pane-list"]/div/div[1]/div[1]/button[2]...
2020-11-09 18:10:52,334 - INFO - basepage.py:clear:100 - 清空文本框内容
2020-11-09 18:10:52,334 - INFO - basepage.py:send_key:107 - Input element by xpath: //*[@id="pane-subset"]/div/form/div[2]/div/div[1]/input...
2020-11-09 18:10:52,335 - INFO - basepage.py:send_key:108 - Input: zzt-pytest
2020-11-09 18:10:52,437 - INFO - basepage.py:clear:100 - 清空文本框内容
2020-11-09 18:10:52,437 - INFO - basepage.py:send_key:107 - Input element by xpath: //*[@id="pane-subset"]/div/form/div[3]/div/div[1]/input...
2020-11-09 18:10:52,437 - INFO - basepage.py:send_key:108 - Input: 1001001001
2020-11-09 18:10:52,534 - INFO - basepage.py:clear:100 - 清空文本框内容
2020-11-09 18:10:52,534 - INFO - basepage.py:send_key:107 - Input element by xpath: //*[@id="pane-subset"]/div/form/div[4]/div/div/input...
2020-11-09 18:10:52,534 - INFO - basepage.py:send_key:108 - Input: 1
2020-11-09 18:10:52,576 - INFO - basepage.py:click:86 - Click element by xpath: //*[@id="pane-subset"]/div/div[1]/button[2]...
2020-11-09 18:10:54,624 - INFO - basepage.py:click:86 - Click element by xpath: //*[@id="pane-list"]/div/div[2]/div/div/div[3]/table/tbody/tr[3]/td[1]/div...
2020-11-09 18:10:54,787 - INFO - basepage.py:click:86 - Click element by xpath: //*[@id="pane-list"]/div/div[1]/div[1]/button[3]...
2020-11-09 18:10:55,338 - INFO - basepage.py:clear:100 - 清空文本框内容
2020-11-09 18:10:55,338 - INFO - basepage.py:send_key:107 - Input element by xpath: //div[starts-with(@id,"pane-edit")]/div/form/div[2]/div/div/input...
2020-11-09 18:10:55,338 - INFO - basepage.py:send_key:108 - Input: zzt-pytest-01
2020-11-09 18:10:55,451 - INFO - basepage.py:clear:100 - 清空文本框内容
2020-11-09 18:10:55,451 - INFO - basepage.py:send_key:107 - Input element by xpath: //div[starts-with(@id,"pane-edit")]/div/form/div[3]/div/div/input...
2020-11-09 18:10:55,451 - INFO - basepage.py:send_key:108 - Input: 1001001001
2020-11-09 18:10:55,554 - INFO - basepage.py:clear:100 - 清空文本框内容
2020-11-09 18:10:55,554 - INFO - basepage.py:send_key:107 - Input element by xpath: //div[starts-with(@id,"pane-edit")]/div/form/div[4]/div/div/input...
2020-11-09 18:10:55,554 - INFO - basepage.py:send_key:108 - Input: 1
2020-11-09 18:10:55,596 - INFO - basepage.py:click:86 - Click element by xpath: //div[starts-with(@id,"pane-edit")]/div/div[1]/button[2]...
2020-11-09 18:10:59,648 - INFO - basepage.py:click:86 - Click element by xpath: //*[@id="pane-list"]/div/div[2]/div/div/div[3]/table/tbody/tr[3]/td[1]/div...
2020-11-09 18:10:59,793 - INFO - basepage.py:click:86 - Click element by xpath: //*[@id="pane-list"]/div/div[1]/div[1]/button[4]...
2020-11-09 18:14:16,568 - WARNING - connectionpool.py:urlopen:744 - Retrying (Retry(total=2, connect=None, read=None, redirect=None, status=None)) after connection broken by 'NewConnectionError('<urllib3.connection.HTTPConnection object at 0x104aa9bb0>: Failed to establish a new connection: [Errno 61] Connection refused')': /session/301372fb6da645e7618c47b3d62660a0/window
2020-11-09 18:14:16,570 - WARNING - connectionpool.py:urlopen:744 - Retrying (Retry(total=1, connect=None, read=None, redirect=None, status=None)) after connection broken by 'NewConnectionError('<urllib3.connection.HTTPConnection object at 0x105394c40>: Failed to establish a new connection: [Errno 61] Connection refused')': /session/301372fb6da645e7618c47b3d62660a0/window
2020-11-09 18:14:16,571 - WARNING - connectionpool.py:urlopen:744 - Retrying (Retry(total=0, connect=None, read=None, redirect=None, status=None)) after connection broken by 'NewConnectionError('<urllib3.connection.HTTPConnection object at 0x105394df0>: Failed to establish a new connection: [Errno 61] Connection refused')': /session/301372fb6da645e7618c47b3d62660a0/window
2020-11-09 18:14:19,635 - INFO - driver_utils.py:Driver:12 - 当前系统为Darwin
2020-11-09 18:14:19,636 - INFO - driver_utils.py:Driver:14 - 选择的浏览器为: Chrome 浏览器
2020-11-09 18:14:26,398 - INFO - basepage.py:click:86 - Click element by xpath: /html/body/div[2]/ul/div[1]/li/div[2]/ul/div[1]...
2020-11-09 18:14:31,640 - ERROR - basepage.py:find_element:51 - Can not find element: /html/body/div[2]/ul/div[1]/li/div[2]/ul/div[1], exception is: Message: no such window: window was already closed
  (Session info: chrome=86.0.4240.183)

2020-11-09 18:14:31,646 - ERROR - basepage.py:get_screen_img:83 - 失败截图 Message: no such window: window was already closed
  (Session info: chrome=86.0.4240.183)

2020-11-09 18:14:31,647 - ERROR - basepage.py:click:91 - 无法点击元素: Message: no such window: window was already closed
  (Session info: chrome=86.0.4240.183)

2020-11-09 18:14:31,651 - ERROR - basepage.py:get_screen_img:83 - 失败截图 Message: no such window: window was already closed
  (Session info: chrome=86.0.4240.183)

2020-11-09 18:14:37,780 - INFO - driver_utils.py:Driver:12 - 当前系统为Darwin
2020-11-09 18:14:37,781 - INFO - driver_utils.py:Driver:14 - 选择的浏览器为: Chrome 浏览器
2020-11-09 18:14:44,548 - INFO - basepage.py:click:86 - Click element by xpath: /html/body/div[2]/ul/div[1]/li/div[2]/ul/div[1]...
2020-11-09 18:14:45,134 - INFO - basepage.py:click:86 - Click element by xpath: //*[@id="pane-list"]/div/div[1]/div[1]/button[1]...
2020-11-09 18:14:45,420 - INFO - basepage.py:clear:100 - 清空文本框内容
2020-11-09 18:14:45,420 - INFO - basepage.py:send_key:107 - Input element by xpath: //*[@id="pane-top"]/div/form/div[2]/div/div[1]/input...
2020-11-09 18:14:45,420 - INFO - basepage.py:send_key:108 - Input: zzt-pytest-gaparent
2020-11-09 18:14:45,515 - INFO - basepage.py:clear:100 - 清空文本框内容
2020-11-09 18:14:45,515 - INFO - basepage.py:send_key:107 - Input element by xpath: //*[@id="pane-top"]/div/form/div[3]/div/div[1]/input...
2020-11-09 18:14:45,515 - INFO - basepage.py:send_key:108 - Input: 1001
2020-11-09 18:14:45,600 - INFO - basepage.py:clear:100 - 清空文本框内容
2020-11-09 18:14:45,600 - INFO - basepage.py:send_key:107 - Input element by xpath: //*[@id="pane-top"]/div/form/div[4]/div/div/input...
2020-11-09 18:14:45,600 - INFO - basepage.py:send_key:108 - Input: 1
2020-11-09 18:14:45,637 - INFO - basepage.py:click:86 - Click element by xpath: //*[@id="pane-top"]/div/div/button[2]...
2020-11-09 18:14:47,687 - INFO - basepage.py:click:86 - Click element by xpath: //*[@id="pane-list"]/div/div[2]/div/div/div[3]/table/tbody/tr[1]/td[1]/div...
2020-11-09 18:14:48,324 - INFO - basepage.py:click:86 - Click element by xpath: //*[@id="pane-list"]/div/div[1]/div[1]/button[2]...
2020-11-09 18:14:48,868 - INFO - basepage.py:clear:100 - 清空文本框内容
2020-11-09 18:14:48,868 - INFO - basepage.py:send_key:107 - Input element by xpath: //*[@id="pane-subset"]/div/form/div[2]/div/div[1]/input...
2020-11-09 18:14:48,868 - INFO - basepage.py:send_key:108 - Input: zzt-pytest-parent
2020-11-09 18:14:48,980 - INFO - basepage.py:clear:100 - 清空文本框内容
2020-11-09 18:14:48,981 - INFO - basepage.py:send_key:107 - Input element by xpath: //*[@id="pane-subset"]/div/form/div[3]/div/div[1]/input...
2020-11-09 18:14:48,981 - INFO - basepage.py:send_key:108 - Input: 1001001
2020-11-09 18:14:49,074 - INFO - basepage.py:clear:100 - 清空文本框内容
2020-11-09 18:14:49,074 - INFO - basepage.py:send_key:107 - Input element by xpath: //*[@id="pane-subset"]/div/form/div[4]/div/div/input...
2020-11-09 18:14:49,074 - INFO - basepage.py:send_key:108 - Input: 1
2020-11-09 18:14:49,112 - INFO - basepage.py:click:86 - Click element by xpath: //*[@id="pane-subset"]/div/div[1]/button[2]...
2020-11-09 18:14:51,229 - INFO - basepage.py:click:86 - Click element by xpath: //*[@id="pane-list"]/div/div[2]/div/div/div[3]/table/tbody/tr[2]/td[1]/div...
2020-11-09 18:14:51,394 - INFO - basepage.py:click:86 - Click element by xpath: //*[@id="pane-list"]/div/div[1]/div[1]/button[2]...
2020-11-09 18:14:51,904 - INFO - basepage.py:clear:100 - 清空文本框内容
2020-11-09 18:14:51,904 - INFO - basepage.py:send_key:107 - Input element by xpath: //*[@id="pane-subset"]/div/form/div[2]/div/div[1]/input...
2020-11-09 18:14:51,904 - INFO - basepage.py:send_key:108 - Input: zzt-pytest
2020-11-09 18:14:51,996 - INFO - basepage.py:clear:100 - 清空文本框内容
2020-11-09 18:14:51,997 - INFO - basepage.py:send_key:107 - Input element by xpath: //*[@id="pane-subset"]/div/form/div[3]/div/div[1]/input...
2020-11-09 18:14:51,997 - INFO - basepage.py:send_key:108 - Input: 1001001001
2020-11-09 18:14:52,089 - INFO - basepage.py:clear:100 - 清空文本框内容
2020-11-09 18:14:52,089 - INFO - basepage.py:send_key:107 - Input element by xpath: //*[@id="pane-subset"]/div/form/div[4]/div/div/input...
2020-11-09 18:14:52,090 - INFO - basepage.py:send_key:108 - Input: 1
2020-11-09 18:14:52,127 - INFO - basepage.py:click:86 - Click element by xpath: //*[@id="pane-subset"]/div/div[1]/button[2]...
2020-11-09 18:14:54,237 - INFO - basepage.py:click:86 - Click element by xpath: //*[@id="pane-list"]/div/div[2]/div/div/div[3]/table/tbody/tr[3]/td[1]/div...
2020-11-09 18:14:54,397 - INFO - basepage.py:click:86 - Click element by xpath: //*[@id="pane-list"]/div/div[1]/div[1]/button[3]...
2020-11-09 18:14:54,950 - INFO - basepage.py:clear:100 - 清空文本框内容
2020-11-09 18:14:54,950 - INFO - basepage.py:send_key:107 - Input element by xpath: //div[starts-with(@id,"pane-edit")]/div/form/div[2]/div/div/input...
2020-11-09 18:14:54,950 - INFO - basepage.py:send_key:108 - Input: zzt-pytest-01
2020-11-09 18:14:55,038 - INFO - basepage.py:clear:100 - 清空文本框内容
2020-11-09 18:14:55,038 - INFO - basepage.py:send_key:107 - Input element by xpath: //div[starts-with(@id,"pane-edit")]/div/form/div[3]/div/div/input...
2020-11-09 18:14:55,038 - INFO - basepage.py:send_key:108 - Input: 1001001001
2020-11-09 18:14:55,133 - INFO - basepage.py:clear:100 - 清空文本框内容
2020-11-09 18:14:55,133 - INFO - basepage.py:send_key:107 - Input element by xpath: //div[starts-with(@id,"pane-edit")]/div/form/div[4]/div/div/input...
2020-11-09 18:14:55,133 - INFO - basepage.py:send_key:108 - Input: 1
2020-11-09 18:14:55,170 - INFO - basepage.py:click:86 - Click element by xpath: //div[starts-with(@id,"pane-edit")]/div/div[1]/button[2]...
2020-11-09 18:14:59,279 - INFO - basepage.py:click:86 - Click element by xpath: //*[@id="pane-list"]/div/div[2]/div/div/div[3]/table/tbody/tr[3]/td[1]/div...
2020-11-09 18:14:59,428 - INFO - basepage.py:click:86 - Click element by xpath: //*[@id="pane-list"]/div/div[1]/div[1]/button[4]...
2020-11-09 18:14:59,922 - INFO - basepage.py:click:86 - Click element by xpath: /html/body/div[5]/div/div[3]/button[2]...
2020-11-09 18:15:10,431 - ERROR - basepage.py:find_element:47 - Can not find element: /html/body/div[5]/div/div[3]/button[2]
2020-11-09 18:15:10,793 - INFO - basepage.py:get_screen_img:81 - 页面已截图，截图的路径为: /Users/juanjuan/Documents/project/python/yestae-test/screenshots/2020-11-09_18_15_10.png
2020-11-09 18:15:10,794 - ERROR - basepage.py:click:91 - 无法点击元素: Message: 

2020-11-09 18:15:11,115 - INFO - basepage.py:get_screen_img:81 - 页面已截图，截图的路径为: /Users/juanjuan/Documents/project/python/yestae-test/screenshots/2020-11-09_18_15_10.png
2020-11-09 18:18:29,999 - INFO - driver_utils.py:Driver:12 - 当前系统为Darwin
2020-11-09 18:18:30,000 - INFO - driver_utils.py:Driver:14 - 选择的浏览器为: Chrome 浏览器
2020-11-09 18:18:37,103 - INFO - basepage.py:click:86 - Click element by xpath: /html/body/div[2]/ul/div[1]/li/div[2]/ul/div[1]...
2020-11-09 18:18:37,695 - INFO - basepage.py:click:86 - Click element by xpath: //*[@id="pane-list"]/div/div[1]/div[1]/button[1]...
2020-11-09 18:18:37,975 - INFO - basepage.py:clear:100 - 清空文本框内容
2020-11-09 18:18:37,975 - INFO - basepage.py:send_key:107 - Input element by xpath: //*[@id="pane-top"]/div/form/div[2]/div/div[1]/input...
2020-11-09 18:18:37,975 - INFO - basepage.py:send_key:108 - Input: zzt-pytest-gaparent
2020-11-09 18:18:38,071 - INFO - basepage.py:clear:100 - 清空文本框内容
2020-11-09 18:18:38,071 - INFO - basepage.py:send_key:107 - Input element by xpath: //*[@id="pane-top"]/div/form/div[3]/div/div[1]/input...
2020-11-09 18:18:38,071 - INFO - basepage.py:send_key:108 - Input: 1001
2020-11-09 18:18:38,158 - INFO - basepage.py:clear:100 - 清空文本框内容
2020-11-09 18:18:38,158 - INFO - basepage.py:send_key:107 - Input element by xpath: //*[@id="pane-top"]/div/form/div[4]/div/div/input...
2020-11-09 18:18:38,158 - INFO - basepage.py:send_key:108 - Input: 1
2020-11-09 18:18:38,196 - INFO - basepage.py:click:86 - Click element by xpath: //*[@id="pane-top"]/div/div/button[2]...
2020-11-09 18:18:40,246 - INFO - basepage.py:click:86 - Click element by xpath: //*[@id="pane-list"]/div/div[2]/div/div/div[3]/table/tbody/tr[1]/td[1]/div...
2020-11-09 18:18:50,778 - ERROR - basepage.py:find_element:47 - Can not find element: //*[@id="pane-list"]/div/div[2]/div/div/div[3]/table/tbody/tr[1]/td[1]/div
2020-11-09 18:18:51,092 - INFO - basepage.py:get_screen_img:81 - 页面已截图，截图的路径为: /Users/juanjuan/Documents/project/python/yestae-test/screenshots/2020-11-09_18_18_50.png
2020-11-09 18:18:51,092 - ERROR - basepage.py:click:91 - 无法点击元素: Message: 

2020-11-09 18:18:51,410 - INFO - basepage.py:get_screen_img:81 - 页面已截图，截图的路径为: /Users/juanjuan/Documents/project/python/yestae-test/screenshots/2020-11-09_18_18_51.png
2020-11-09 18:19:17,536 - INFO - driver_utils.py:Driver:12 - 当前系统为Darwin
2020-11-09 18:19:17,537 - INFO - driver_utils.py:Driver:14 - 选择的浏览器为: Chrome 浏览器
2020-11-09 18:19:36,065 - INFO - driver_utils.py:Driver:12 - 当前系统为Darwin
2020-11-09 18:19:36,066 - INFO - driver_utils.py:Driver:14 - 选择的浏览器为: Chrome 浏览器
2020-11-09 18:19:42,426 - INFO - basepage.py:click:86 - Click element by xpath: /html/body/div[2]/ul/div[1]/li/div[2]/ul/div[1]...
2020-11-09 18:19:45,011 - INFO - basepage.py:click:86 - Click element by xpath: //*[@id="pane-list"]/div/div[2]/div/div/div[3]/table/tbody/tr[3]/td[1]/div...
2020-11-09 18:19:45,368 - INFO - basepage.py:click:86 - Click element by xpath: //*[@id="pane-list"]/div/div[1]/div[1]/button[4]...
2020-11-09 18:19:45,772 - INFO - basepage.py:click:86 - Click element by xpath: /html/body/div[2]/div/div[3]/button[2]...
2020-11-09 18:19:56,370 - ERROR - basepage.py:find_element:47 - Can not find element: /html/body/div[2]/div/div[3]/button[2]
2020-11-09 18:19:56,695 - INFO - basepage.py:get_screen_img:81 - 页面已截图，截图的路径为: /Users/juanjuan/Documents/project/python/yestae-test/screenshots/2020-11-09_18_19_56.png
2020-11-09 18:19:56,695 - ERROR - basepage.py:click:91 - 无法点击元素: Message: 

2020-11-09 18:19:56,983 - INFO - basepage.py:get_screen_img:81 - 页面已截图，截图的路径为: /Users/juanjuan/Documents/project/python/yestae-test/screenshots/2020-11-09_18_19_56.png
2020-11-09 18:24:23,826 - INFO - driver_utils.py:Driver:12 - 当前系统为Darwin
2020-11-09 18:24:23,827 - INFO - driver_utils.py:Driver:14 - 选择的浏览器为: Chrome 浏览器
2020-11-09 18:24:31,006 - INFO - basepage.py:click:86 - Click element by xpath: /html/body/div[2]/ul/div[1]/li/div[2]/ul/div[1]...
2020-11-09 18:24:33,607 - INFO - basepage.py:click:86 - Click element by xpath: //*[@id="pane-list"]/div/div[2]/div/div/div[3]/table/tbody/tr[3]/td[1]/div...
2020-11-09 18:24:33,915 - INFO - basepage.py:click:86 - Click element by xpath: //*[@id="pane-list"]/div/div[1]/div[1]/button[4]...
2020-11-09 18:24:34,271 - INFO - basepage.py:click:86 - Click element by xpath: //button[@class="el-button" and @class="el-button--default" and @class="el-button--small" and @class="el-button--primary"]...
2020-11-09 18:24:44,867 - ERROR - basepage.py:find_element:47 - Can not find element: //button[@class="el-button" and @class="el-button--default" and @class="el-button--small" and @class="el-button--primary"]
2020-11-09 18:24:45,212 - INFO - basepage.py:get_screen_img:81 - 页面已截图，截图的路径为: /Users/juanjuan/Documents/project/python/yestae-test/screenshots/2020-11-09_18_24_44.png
2020-11-09 18:24:45,212 - ERROR - basepage.py:click:91 - 无法点击元素: Message: 

2020-11-09 18:24:45,527 - INFO - basepage.py:get_screen_img:81 - 页面已截图，截图的路径为: /Users/juanjuan/Documents/project/python/yestae-test/screenshots/2020-11-09_18_24_45.png
2020-11-09 18:33:04,188 - INFO - driver_utils.py:Driver:12 - 当前系统为Darwin
2020-11-09 18:33:04,189 - INFO - driver_utils.py:Driver:14 - 选择的浏览器为: Chrome 浏览器
2020-11-09 18:33:11,439 - INFO - basepage.py:click:86 - Click element by xpath: /html/body/div[2]/ul/div[1]/li/div[2]/ul/div[1]...
2020-11-09 18:33:14,031 - INFO - basepage.py:click:86 - Click element by xpath: //*[@id="pane-list"]/div/div[2]/div/div/div[3]/table/tbody/tr[3]/td[1]/div...
2020-11-09 18:33:14,412 - INFO - basepage.py:click:86 - Click element by xpath: //*[@id="pane-list"]/div/div[1]/div[1]/button[4]...
2020-11-09 18:33:14,862 - INFO - basepage.py:click:86 - Click element by xpath: //div[@class="el-message-box__btns"]/button[2]...
2020-11-09 18:33:17,209 - INFO - basepage.py:click:86 - Click element by xpath: //*[@id="pane-list"]/div/div[2]/div/div/div[3]/table/tbody/tr[2]/td[1]/div...
2020-11-09 18:33:17,398 - INFO - basepage.py:click:86 - Click element by xpath: //*[@id="pane-list"]/div/div[1]/div[1]/button[4]...
2020-11-09 18:33:17,942 - INFO - basepage.py:click:86 - Click element by xpath: //div[@class="el-message-box__btns"]/button[2]...
2020-11-09 18:33:20,273 - INFO - basepage.py:click:86 - Click element by xpath: //*[@id="pane-list"]/div/div[2]/div/div/div[3]/table/tbody/tr[1]/td[1]/div...
2020-11-09 18:33:20,482 - INFO - basepage.py:click:86 - Click element by xpath: //*[@id="pane-list"]/div/div[1]/div[1]/button[4]...
2020-11-09 18:33:20,974 - INFO - basepage.py:click:86 - Click element by xpath: //div[@class="el-message-box__btns"]/button[2]...
2020-11-09 18:46:59,958 - INFO - driver_utils.py:Driver:12 - 当前系统为Darwin
2020-11-09 18:46:59,959 - INFO - driver_utils.py:Driver:14 - 选择的浏览器为: Chrome 浏览器
2020-11-09 18:47:06,789 - INFO - basepage.py:click:86 - Click element by xpath: /html/body/div[2]/ul/div[1]/li/div[2]/ul/div[1]...
2020-11-09 18:47:07,376 - INFO - basepage.py:click:86 - Click element by xpath: //table[@class="el-table__body"]/tbody/tr/td[6]/div/button[1]...
2020-11-09 19:03:06,832 - INFO - driver_utils.py:Driver:12 - 当前系统为Darwin
2020-11-09 19:03:06,834 - INFO - driver_utils.py:Driver:14 - 选择的浏览器为: Chrome 浏览器
2020-11-09 19:03:13,525 - INFO - basepage.py:click:86 - Click element by xpath: /html/body/div[2]/ul/div[1]/li/div[2]/ul/div[1]...
2020-11-09 19:03:14,109 - INFO - basepage.py:click:86 - Click element by xpath: //table[@class="el-table__body"]/tbody/tr/td[6]/div/button[1]...
2020-11-09 19:03:16,093 - INFO - basepage.py:click:86 - Click element by xpath: //input[@class='el-checkbox__original'][1]...
2020-11-09 19:03:26,400 - ERROR - basepage.py:find_element:47 - Can not find element: //input[@class='el-checkbox__original'][1]
2020-11-09 19:03:26,719 - INFO - basepage.py:get_screen_img:81 - 页面已截图，截图的路径为: /Users/juanjuan/Documents/project/python/yestae-test/screenshots/2020-11-09_19_03_26.png
2020-11-09 19:03:26,719 - ERROR - basepage.py:click:91 - 无法点击元素: Message: 

2020-11-09 19:03:27,023 - INFO - basepage.py:get_screen_img:81 - 页面已截图，截图的路径为: /Users/juanjuan/Documents/project/python/yestae-test/screenshots/2020-11-09_19_03_26.png
