2020-11-17 16:06:52,281 - INFO - driver_utils.py:Driver:12 - 当前系统为Darwin
2020-11-17 16:06:52,283 - INFO - driver_utils.py:Driver:14 - 选择的浏览器为: Chrome 浏览器
2020-11-17 16:07:03,003 - INFO - basepage.py:click:86 - Click element by xpath: /html/body/div[2]/ul/div/li/div[2]/ul/div[2]...
2020-11-17 16:07:05,097 - INFO - basepage.py:click:86 - Click element by xpath: //div[@class="tb-left"]/button[1]...
2020-11-17 16:07:06,299 - INFO - basepage.py:click:86 - Click element by xpath: //*[@id="pane-top"]/div/form/div[5]/div[1]/div/div/div/div[1]...
2020-11-17 16:07:06,359 - INFO - basepage.py:send_key:107 - Input element by xpath: //*[@id="pane-top"]/div/form/div[5]/div[1]/div/div/div/div[1]/div/input...
2020-11-17 16:07:06,359 - INFO - basepage.py:send_key:108 - Input: /Users/juanjuan/Downloads/ss.jpg 
2020-11-17 16:07:16,652 - ERROR - basepage.py:find_element:47 - Can not find element: //*[@id="pane-top"]/div/form/div[5]/div[1]/div/div/div/div[1]/div/input
2020-11-17 16:07:16,955 - INFO - basepage.py:get_screen_img:81 - 页面已截图，截图的路径为: /Users/juanjuan/Documents/project/python/yestae-test/screenshots/2020-11-17_16_07_16.png
2020-11-17 16:07:16,955 - ERROR - basepage.py:send_key:113 - Failed to type in input box with Message: 

2020-11-17 16:07:17,253 - INFO - basepage.py:get_screen_img:81 - 页面已截图，截图的路径为: /Users/juanjuan/Documents/project/python/yestae-test/screenshots/2020-11-17_16_07_16.png
2020-11-17 16:10:16,154 - INFO - driver_utils.py:Driver:12 - 当前系统为Darwin
2020-11-17 16:10:16,155 - INFO - driver_utils.py:Driver:14 - 选择的浏览器为: Chrome 浏览器
2020-11-17 16:10:25,197 - INFO - basepage.py:click:86 - Click element by xpath: /html/body/div[2]/ul/div/li/div[2]/ul/div[2]...
2020-11-17 16:10:27,292 - INFO - basepage.py:click:86 - Click element by xpath: //div[@class="tb-left"]/button[1]...
2020-11-17 16:10:28,501 - INFO - basepage.py:send_key:107 - Input element by xpath: //input[@class="el-upload__input"][1]...
2020-11-17 16:10:28,501 - INFO - basepage.py:send_key:108 - Input: /Users/juanjuan/Downloads/ss.jpg 
2020-11-17 16:10:39,005 - ERROR - basepage.py:find_element:47 - Can not find element: //input[@class="el-upload__input"][1]
2020-11-17 16:10:39,323 - INFO - basepage.py:get_screen_img:81 - 页面已截图，截图的路径为: /Users/juanjuan/Documents/project/python/yestae-test/screenshots/2020-11-17_16_10_39.png
2020-11-17 16:10:39,323 - ERROR - basepage.py:send_key:113 - Failed to type in input box with Message: 

2020-11-17 16:10:39,635 - INFO - basepage.py:get_screen_img:81 - 页面已截图，截图的路径为: /Users/juanjuan/Documents/project/python/yestae-test/screenshots/2020-11-17_16_10_39.png
2020-11-17 16:14:47,045 - INFO - driver_utils.py:Driver:12 - 当前系统为Darwin
2020-11-17 16:14:47,046 - INFO - driver_utils.py:Driver:14 - 选择的浏览器为: Chrome 浏览器
2020-11-17 16:14:55,546 - INFO - basepage.py:click:86 - Click element by xpath: /html/body/div[2]/ul/div/li/div[2]/ul/div[2]...
2020-11-17 16:14:57,641 - INFO - basepage.py:click:86 - Click element by xpath: //div[@class="tb-left"]/button[1]...
2020-11-17 16:14:58,833 - INFO - basepage.py:send_key:107 - Input element by xpath: //*[@id="pane-top"]/div/form/div[5]/div[1]/div/div/div/div[1]/div/input...
2020-11-17 16:14:58,833 - INFO - basepage.py:send_key:108 - Input: /Users/juanjuan/Downloads/ss.jpg 
2020-11-17 16:15:08,932 - ERROR - basepage.py:find_element:47 - Can not find element: //*[@id="pane-top"]/div/form/div[5]/div[1]/div/div/div/div[1]/div/input
2020-11-17 16:15:09,261 - INFO - basepage.py:get_screen_img:81 - 页面已截图，截图的路径为: /Users/juanjuan/Documents/project/python/yestae-test/screenshots/2020-11-17_16_15_08.png
2020-11-17 16:15:09,262 - ERROR - basepage.py:send_key:113 - Failed to type in input box with Message: 

2020-11-17 16:15:09,572 - INFO - basepage.py:get_screen_img:81 - 页面已截图，截图的路径为: /Users/juanjuan/Documents/project/python/yestae-test/screenshots/2020-11-17_16_15_09.png
2020-11-17 16:44:44,229 - INFO - driver_utils.py:Driver:12 - 当前系统为Darwin
2020-11-17 16:44:44,231 - INFO - driver_utils.py:Driver:14 - 选择的浏览器为: Chrome 浏览器
2020-11-17 16:44:53,603 - INFO - basepage.py:click:86 - Click element by xpath: /html/body/div[2]/ul/div/li/div[2]/ul/div[2]...
2020-11-17 16:45:35,510 - INFO - driver_utils.py:Driver:12 - 当前系统为Darwin
2020-11-17 16:45:35,511 - INFO - driver_utils.py:Driver:14 - 选择的浏览器为: Chrome 浏览器
2020-11-17 16:45:44,133 - INFO - basepage.py:click:86 - Click element by xpath: /html/body/div[2]/ul/div/li/div[2]/ul/div[2]...
2020-11-17 16:45:46,241 - INFO - basepage.py:click:86 - Click element by xpath: //div[@class="tb-left"]/button[1]...
2020-11-17 16:45:47,465 - INFO - basepage.py:send_key:107 - Input element by xpath: //input[@class='el-input__inner' and @type='text'][2]...
2020-11-17 16:45:47,465 - INFO - basepage.py:send_key:108 - Input: zzt-auto test
2020-11-17 16:45:57,984 - ERROR - basepage.py:find_element:47 - Can not find element: //input[@class='el-input__inner' and @type='text'][2]
2020-11-17 16:45:58,312 - INFO - basepage.py:get_screen_img:81 - 页面已截图，截图的路径为: /Users/juanjuan/Documents/project/python/yestae-test/screenshots/2020-11-17_16_45_57.png
2020-11-17 16:45:58,313 - ERROR - basepage.py:send_key:113 - Failed to type in input box with Message: 

2020-11-17 16:45:58,615 - INFO - basepage.py:get_screen_img:81 - 页面已截图，截图的路径为: /Users/juanjuan/Documents/project/python/yestae-test/screenshots/2020-11-17_16_45_58.png
2020-11-17 16:56:24,605 - INFO - driver_utils.py:Driver:12 - 当前系统为Darwin
2020-11-17 16:56:24,606 - INFO - driver_utils.py:Driver:14 - 选择的浏览器为: Chrome 浏览器
2020-11-17 16:56:34,039 - INFO - basepage.py:click:86 - Click element by xpath: /html/body/div[2]/ul/div/li/div[2]/ul/div[2]...
2020-11-17 16:56:36,146 - INFO - basepage.py:click:86 - Click element by xpath: //div[@class="tb-left"]/button[1]...
2020-11-17 16:56:37,365 - INFO - basepage.py:send_key:107 - Input element by xpath: //*[@id="pane-top"]/div/form/div[1]/div[2]/div/div/div/input...
2020-11-17 16:56:37,365 - INFO - basepage.py:send_key:108 - Input: zzt-auto test
2020-11-17 16:56:37,486 - INFO - basepage.py:send_key:107 - Input element by xpath: //*[@id="pane-top"]/div/form/div[2]/div[1]/div/div/div[1]/input...
2020-11-17 16:56:37,486 - INFO - basepage.py:send_key:108 - Input: 12001
2020-11-17 16:56:37,585 - INFO - basepage.py:send_key:107 - Input element by xpath: //*[@id="pane-top"]/div/form/div[2]/div[2]/div/div/div[1]/input...
2020-11-17 16:56:37,585 - INFO - basepage.py:send_key:108 - Input: auto_test
2020-11-17 16:56:37,691 - INFO - basepage.py:click:86 - Click element by xpath: //*[@id="pane-top"]/div/form/div[6]/div/div/div/div/div/input...
2020-11-17 16:56:37,797 - INFO - basepage.py:click:86 - Click element by xpath: //div[@class='el-cascader-panel']/div/div/ul/li[1]...
2020-11-17 16:56:47,962 - ERROR - basepage.py:find_element:47 - Can not find element: //div[@class='el-cascader-panel']/div/div/ul/li[1]
2020-11-17 16:56:48,431 - INFO - basepage.py:get_screen_img:81 - 页面已截图，截图的路径为: /Users/juanjuan/Documents/project/python/yestae-test/screenshots/2020-11-17_16_56_47.png
2020-11-17 16:56:48,431 - ERROR - basepage.py:click:91 - 无法点击元素: Message: 

2020-11-17 16:56:48,751 - INFO - basepage.py:get_screen_img:81 - 页面已截图，截图的路径为: /Users/juanjuan/Documents/project/python/yestae-test/screenshots/2020-11-17_16_56_48.png
2020-11-17 16:58:47,475 - INFO - driver_utils.py:Driver:12 - 当前系统为Darwin
2020-11-17 16:58:47,475 - INFO - driver_utils.py:Driver:14 - 选择的浏览器为: Chrome 浏览器
2020-11-17 16:58:56,514 - INFO - basepage.py:click:86 - Click element by xpath: /html/body/div[2]/ul/div/li/div[2]/ul/div[2]...
2020-11-17 16:58:58,621 - INFO - basepage.py:click:86 - Click element by xpath: //div[@class="tb-left"]/button[1]...
2020-11-17 16:58:59,830 - INFO - basepage.py:send_key:107 - Input element by xpath: //*[@id="pane-top"]/div/form/div[1]/div[2]/div/div/div/input...
2020-11-17 16:58:59,830 - INFO - basepage.py:send_key:108 - Input: zzt-auto test
2020-11-17 16:58:59,966 - INFO - basepage.py:send_key:107 - Input element by xpath: //*[@id="pane-top"]/div/form/div[2]/div[1]/div/div/div[1]/input...
2020-11-17 16:58:59,966 - INFO - basepage.py:send_key:108 - Input: 12001
2020-11-17 16:59:00,063 - INFO - basepage.py:send_key:107 - Input element by xpath: //*[@id="pane-top"]/div/form/div[2]/div[2]/div/div/div[1]/input...
2020-11-17 16:59:00,063 - INFO - basepage.py:send_key:108 - Input: auto_test
2020-11-17 16:59:00,174 - INFO - basepage.py:click:86 - Click element by xpath: //*[@id="pane-top"]/div/form/div[6]/div/div/div/div/div/input...
2020-11-17 16:59:00,294 - INFO - basepage.py:click:86 - Click element by xpath: //*[@class='el-cascader-panel']/div/div/ul/li[1]...
2020-11-17 16:59:10,505 - ERROR - basepage.py:find_element:47 - Can not find element: //*[@class='el-cascader-panel']/div/div/ul/li[1]
2020-11-17 16:59:10,828 - INFO - basepage.py:get_screen_img:81 - 页面已截图，截图的路径为: /Users/juanjuan/Documents/project/python/yestae-test/screenshots/2020-11-17_16_59_10.png
2020-11-17 16:59:10,828 - ERROR - basepage.py:click:91 - 无法点击元素: Message: 

2020-11-17 16:59:11,133 - INFO - basepage.py:get_screen_img:81 - 页面已截图，截图的路径为: /Users/juanjuan/Documents/project/python/yestae-test/screenshots/2020-11-17_16_59_10.png
2020-11-17 17:01:53,731 - INFO - driver_utils.py:Driver:12 - 当前系统为Darwin
2020-11-17 17:01:53,732 - INFO - driver_utils.py:Driver:14 - 选择的浏览器为: Chrome 浏览器
2020-11-17 17:02:02,399 - INFO - basepage.py:click:86 - Click element by xpath: /html/body/div[2]/ul/div/li/div[2]/ul/div[2]...
2020-11-17 17:02:04,504 - INFO - basepage.py:click:86 - Click element by xpath: //div[@class="tb-left"]/button[1]...
2020-11-17 17:02:05,705 - INFO - basepage.py:send_key:107 - Input element by xpath: //*[@id="pane-top"]/div/form/div[1]/div[2]/div/div/div/input...
2020-11-17 17:02:05,705 - INFO - basepage.py:send_key:108 - Input: zzt-auto test
2020-11-17 17:02:05,848 - INFO - basepage.py:send_key:107 - Input element by xpath: //*[@id="pane-top"]/div/form/div[2]/div[1]/div/div/div[1]/input...
2020-11-17 17:02:05,848 - INFO - basepage.py:send_key:108 - Input: 12001
2020-11-17 17:02:05,945 - INFO - basepage.py:send_key:107 - Input element by xpath: //*[@id="pane-top"]/div/form/div[2]/div[2]/div/div/div[1]/input...
2020-11-17 17:02:05,946 - INFO - basepage.py:send_key:108 - Input: auto_test
2020-11-17 17:02:06,048 - INFO - basepage.py:click:86 - Click element by xpath: //*[@id="pane-top"]/div/form/div[3]/div/div/div/div/div[1]/input...
2020-11-17 17:02:06,200 - INFO - basepage.py:click:86 - Click element by xpath: //*[@id="cascader-menu-9034-0-0"]/label...
2020-11-17 17:02:16,708 - ERROR - basepage.py:find_element:47 - Can not find element: //*[@id="cascader-menu-9034-0-0"]/label
2020-11-17 17:02:17,024 - INFO - basepage.py:get_screen_img:81 - 页面已截图，截图的路径为: /Users/juanjuan/Documents/project/python/yestae-test/screenshots/2020-11-17_17_02_16.png
2020-11-17 17:02:17,024 - ERROR - basepage.py:click:91 - 无法点击元素: Message: 

2020-11-17 17:02:17,323 - INFO - basepage.py:get_screen_img:81 - 页面已截图，截图的路径为: /Users/juanjuan/Documents/project/python/yestae-test/screenshots/2020-11-17_17_02_17.png
2020-11-17 17:02:48,440 - INFO - driver_utils.py:Driver:12 - 当前系统为Darwin
2020-11-17 17:02:48,441 - INFO - driver_utils.py:Driver:14 - 选择的浏览器为: Chrome 浏览器
2020-11-17 17:02:56,952 - INFO - basepage.py:click:86 - Click element by xpath: /html/body/div[2]/ul/div/li/div[2]/ul/div[2]...
2020-11-17 17:02:59,071 - INFO - basepage.py:click:86 - Click element by xpath: //div[@class="tb-left"]/button[1]...
2020-11-17 17:03:00,285 - INFO - basepage.py:send_key:107 - Input element by xpath: //*[@id="pane-top"]/div/form/div[1]/div[2]/div/div/div/input...
2020-11-17 17:03:00,285 - INFO - basepage.py:send_key:108 - Input: zzt-auto test
2020-11-17 17:03:00,427 - INFO - basepage.py:send_key:107 - Input element by xpath: //*[@id="pane-top"]/div/form/div[2]/div[1]/div/div/div[1]/input...
2020-11-17 17:03:00,427 - INFO - basepage.py:send_key:108 - Input: 12001
2020-11-17 17:03:00,526 - INFO - basepage.py:send_key:107 - Input element by xpath: //*[@id="pane-top"]/div/form/div[2]/div[2]/div/div/div[1]/input...
2020-11-17 17:03:00,526 - INFO - basepage.py:send_key:108 - Input: auto_test
2020-11-17 17:03:00,630 - INFO - basepage.py:click:86 - Click element by xpath: //*[@id="pane-top"]/div/form/div[3]/div/div/div/div/div[1]/input...
2020-11-17 17:03:00,771 - INFO - basepage.py:click:86 - Click element by xpath: //*[@id="cascader-menu-9034-0-0"]/label/span/span...
2020-11-17 17:03:11,340 - ERROR - basepage.py:find_element:47 - Can not find element: //*[@id="cascader-menu-9034-0-0"]/label/span/span
2020-11-17 17:03:11,678 - INFO - basepage.py:get_screen_img:81 - 页面已截图，截图的路径为: /Users/juanjuan/Documents/project/python/yestae-test/screenshots/2020-11-17_17_03_11.png
2020-11-17 17:03:11,678 - ERROR - basepage.py:click:91 - 无法点击元素: Message: 

2020-11-17 17:03:11,990 - INFO - basepage.py:get_screen_img:81 - 页面已截图，截图的路径为: /Users/juanjuan/Documents/project/python/yestae-test/screenshots/2020-11-17_17_03_11.png
2020-11-17 17:16:19,197 - INFO - driver_utils.py:Driver:12 - 当前系统为Darwin
2020-11-17 17:16:19,199 - INFO - driver_utils.py:Driver:14 - 选择的浏览器为: Chrome 浏览器
2020-11-17 17:16:28,855 - INFO - basepage.py:click:86 - Click element by xpath: /html/body/div[2]/ul/div/li/div[2]/ul/div[2]...
2020-11-17 17:16:30,959 - INFO - basepage.py:click:86 - Click element by xpath: //div[@class="tb-left"]/button[1]...
2020-11-17 17:16:32,199 - INFO - basepage.py:send_key:107 - Input element by xpath: //*[@id="pane-top"]/div/form/div[1]/div[2]/div/div/div/input...
2020-11-17 17:16:32,199 - INFO - basepage.py:send_key:108 - Input: zzt-auto test
2020-11-17 17:16:32,341 - INFO - basepage.py:send_key:107 - Input element by xpath: //*[@id="pane-top"]/div/form/div[2]/div[1]/div/div/div[1]/input...
2020-11-17 17:16:32,341 - INFO - basepage.py:send_key:108 - Input: 12001
2020-11-17 17:16:32,436 - INFO - basepage.py:send_key:107 - Input element by xpath: //*[@id="pane-top"]/div/form/div[2]/div[2]/div/div/div[1]/input...
2020-11-17 17:16:32,436 - INFO - basepage.py:send_key:108 - Input: auto_test
2020-11-17 17:16:32,551 - INFO - basepage.py:click:86 - Click element by xpath: //*[@id="pane-top"]/div/form/div[3]/div/div/div/div/div[1]/input...
2020-11-17 17:16:32,654 - INFO - basepage.py:click:86 - Click element by xpath: //*[@id="cascader-menu-9034-0-0"]/label/span/input...
2020-11-17 17:16:43,236 - ERROR - basepage.py:find_element:47 - Can not find element: //*[@id="cascader-menu-9034-0-0"]/label/span/input
2020-11-17 17:16:43,683 - INFO - basepage.py:get_screen_img:81 - 页面已截图，截图的路径为: /Users/juanjuan/Documents/project/python/yestae-test/screenshots/2020-11-17_17_16_43.png
2020-11-17 17:16:43,683 - ERROR - basepage.py:click:91 - 无法点击元素: Message: 

2020-11-17 17:16:44,032 - INFO - basepage.py:get_screen_img:81 - 页面已截图，截图的路径为: /Users/juanjuan/Documents/project/python/yestae-test/screenshots/2020-11-17_17_16_43.png
2020-11-17 17:19:48,296 - INFO - driver_utils.py:Driver:12 - 当前系统为Darwin
2020-11-17 17:19:48,298 - INFO - driver_utils.py:Driver:14 - 选择的浏览器为: Chrome 浏览器
2020-11-17 17:19:56,877 - INFO - basepage.py:click:86 - Click element by xpath: /html/body/div[2]/ul/div/li/div[2]/ul/div[2]...
2020-11-17 17:19:58,993 - INFO - basepage.py:click:86 - Click element by xpath: //div[@class="tb-left"]/button[1]...
2020-11-17 17:20:00,200 - INFO - basepage.py:send_key:107 - Input element by xpath: //*[@id="pane-top"]/div/form/div[1]/div[2]/div/div/div/input...
2020-11-17 17:20:00,201 - INFO - basepage.py:send_key:108 - Input: zzt-auto test
2020-11-17 17:20:00,325 - INFO - basepage.py:send_key:107 - Input element by xpath: //*[@id="pane-top"]/div/form/div[2]/div[1]/div/div/div[1]/input...
2020-11-17 17:20:00,325 - INFO - basepage.py:send_key:108 - Input: 12001
2020-11-17 17:20:00,421 - INFO - basepage.py:send_key:107 - Input element by xpath: //*[@id="pane-top"]/div/form/div[2]/div[2]/div/div/div[1]/input...
2020-11-17 17:20:00,421 - INFO - basepage.py:send_key:108 - Input: auto_test
2020-11-17 17:20:00,533 - INFO - basepage.py:click:86 - Click element by xpath: //*[@id="pane-top"]/div/form/div[3]/div/div/div/div/div[1]/input...
2020-11-17 17:20:00,678 - INFO - basepage.py:click:86 - Click element by xpath: //*[@class="el-scrollbar__view el-cascader-menu__list"]/li[1]/ul/input...
2020-11-17 17:20:11,225 - ERROR - basepage.py:find_element:47 - Can not find element: //*[@class="el-scrollbar__view el-cascader-menu__list"]/li[1]/ul/input
2020-11-17 17:20:11,540 - INFO - basepage.py:get_screen_img:81 - 页面已截图，截图的路径为: /Users/juanjuan/Documents/project/python/yestae-test/screenshots/2020-11-17_17_20_11.png
2020-11-17 17:20:11,540 - ERROR - basepage.py:click:91 - 无法点击元素: Message: 

2020-11-17 17:20:11,851 - INFO - basepage.py:get_screen_img:81 - 页面已截图，截图的路径为: /Users/juanjuan/Documents/project/python/yestae-test/screenshots/2020-11-17_17_20_11.png
2020-11-17 17:23:00,003 - INFO - driver_utils.py:Driver:12 - 当前系统为Darwin
2020-11-17 17:23:00,004 - INFO - driver_utils.py:Driver:14 - 选择的浏览器为: Chrome 浏览器
2020-11-17 17:23:08,508 - INFO - basepage.py:click:86 - Click element by xpath: /html/body/div[2]/ul/div/li/div[2]/ul/div[2]...
2020-11-17 17:23:10,607 - INFO - basepage.py:click:86 - Click element by xpath: //div[@class="tb-left"]/button[1]...
2020-11-17 17:23:11,804 - INFO - basepage.py:send_key:107 - Input element by xpath: //*[@id="pane-top"]/div/form/div[1]/div[2]/div/div/div/input...
2020-11-17 17:23:11,804 - INFO - basepage.py:send_key:108 - Input: zzt-auto test
2020-11-17 17:23:11,939 - INFO - basepage.py:send_key:107 - Input element by xpath: //*[@id="pane-top"]/div/form/div[2]/div[1]/div/div/div[1]/input...
2020-11-17 17:23:11,939 - INFO - basepage.py:send_key:108 - Input: 12001
2020-11-17 17:23:12,038 - INFO - basepage.py:send_key:107 - Input element by xpath: //*[@id="pane-top"]/div/form/div[2]/div[2]/div/div/div[1]/input...
2020-11-17 17:23:12,039 - INFO - basepage.py:send_key:108 - Input: auto_test
2020-11-17 17:23:12,150 - INFO - basepage.py:click:86 - Click element by xpath: //*[@id="pane-top"]/div/form/div[3]/div/div/div/div/div[1]/input...
2020-11-17 17:23:12,294 - INFO - basepage.py:click:86 - Click element by xpath: //*[@class="el-cascader-panel"]/div/div/ul/li/label/span/input...
2020-11-17 17:23:22,721 - ERROR - basepage.py:find_element:47 - Can not find element: //*[@class="el-cascader-panel"]/div/div/ul/li/label/span/input
2020-11-17 17:23:23,105 - INFO - basepage.py:get_screen_img:81 - 页面已截图，截图的路径为: /Users/juanjuan/Documents/project/python/yestae-test/screenshots/2020-11-17_17_23_22.png
2020-11-17 17:23:23,105 - ERROR - basepage.py:click:91 - 无法点击元素: Message: 

2020-11-17 17:23:23,493 - INFO - basepage.py:get_screen_img:81 - 页面已截图，截图的路径为: /Users/juanjuan/Documents/project/python/yestae-test/screenshots/2020-11-17_17_23_23.png
2020-11-17 17:25:33,709 - INFO - driver_utils.py:Driver:12 - 当前系统为Darwin
2020-11-17 17:25:33,711 - INFO - driver_utils.py:Driver:14 - 选择的浏览器为: Chrome 浏览器
2020-11-17 17:25:42,294 - INFO - basepage.py:click:86 - Click element by xpath: /html/body/div[2]/ul/div/li/div[2]/ul/div[2]...
2020-11-17 17:25:45,016 - ERROR - basepage.py:find_element:51 - Can not find element: /html/body/div[2]/ul/div/li/div[2]/ul/div[2], exception is: Message: no such window: window was already closed
  (Session info: chrome=86.0.4240.198)

2020-11-17 17:25:45,022 - ERROR - basepage.py:get_screen_img:83 - 失败截图 Message: no such window: window was already closed
  (Session info: chrome=86.0.4240.198)

2020-11-17 17:25:45,022 - ERROR - basepage.py:click:91 - 无法点击元素: Message: no such window: window was already closed
  (Session info: chrome=86.0.4240.198)

2020-11-17 17:25:45,026 - ERROR - basepage.py:get_screen_img:83 - 失败截图 Message: no such window: window was already closed
  (Session info: chrome=86.0.4240.198)

2020-11-17 17:25:48,820 - INFO - driver_utils.py:Driver:12 - 当前系统为Darwin
2020-11-17 17:25:48,821 - INFO - driver_utils.py:Driver:14 - 选择的浏览器为: Chrome 浏览器
2020-11-17 17:25:56,958 - INFO - basepage.py:click:86 - Click element by xpath: /html/body/div[2]/ul/div/li/div[2]/ul/div[2]...
2020-11-17 17:25:59,059 - INFO - basepage.py:click:86 - Click element by xpath: //div[@class="tb-left"]/button[1]...
2020-11-17 17:26:00,264 - INFO - basepage.py:send_key:107 - Input element by xpath: //*[@id="pane-top"]/div/form/div[1]/div[2]/div/div/div/input...
2020-11-17 17:26:00,264 - INFO - basepage.py:send_key:108 - Input: zzt-auto test
2020-11-17 17:26:00,391 - INFO - basepage.py:send_key:107 - Input element by xpath: //*[@id="pane-top"]/div/form/div[2]/div[1]/div/div/div[1]/input...
2020-11-17 17:26:00,391 - INFO - basepage.py:send_key:108 - Input: 12001
2020-11-17 17:26:00,489 - INFO - basepage.py:send_key:107 - Input element by xpath: //*[@id="pane-top"]/div/form/div[2]/div[2]/div/div/div[1]/input...
2020-11-17 17:26:00,489 - INFO - basepage.py:send_key:108 - Input: auto_test
2020-11-17 17:26:00,601 - INFO - basepage.py:click:86 - Click element by xpath: //*[@id="pane-top"]/div/form/div[3]/div/div/div/div/div[1]/input...
2020-11-17 17:26:00,745 - INFO - basepage.py:click:86 - Click element by xpath: //*[@class="el-cascader-panel"]/div/div/ul/li[1]/label/span/input...
2020-11-17 17:26:10,965 - ERROR - basepage.py:find_element:47 - Can not find element: //*[@class="el-cascader-panel"]/div/div/ul/li[1]/label/span/input
2020-11-17 17:26:11,296 - INFO - basepage.py:get_screen_img:81 - 页面已截图，截图的路径为: /Users/juanjuan/Documents/project/python/yestae-test/screenshots/2020-11-17_17_26_10.png
2020-11-17 17:26:11,297 - ERROR - basepage.py:click:91 - 无法点击元素: Message: 

2020-11-17 17:26:11,607 - INFO - basepage.py:get_screen_img:81 - 页面已截图，截图的路径为: /Users/juanjuan/Documents/project/python/yestae-test/screenshots/2020-11-17_17_26_11.png
2020-11-17 17:28:49,873 - INFO - driver_utils.py:Driver:12 - 当前系统为Darwin
2020-11-17 17:28:49,874 - INFO - driver_utils.py:Driver:14 - 选择的浏览器为: Chrome 浏览器
2020-11-17 17:29:04,960 - ERROR - basepage.py:find_element:47 - Can not find element: //*[@id='app']/div/div[1]/div[2]/div[1]/div/ul/div[3]/li/div
2020-11-17 17:29:05,751 - INFO - basepage.py:get_screen_img:81 - 页面已截图，截图的路径为: /Users/juanjuan/Documents/project/python/yestae-test/screenshots/2020-11-17_17_29_04.png
2020-11-17 17:29:05,751 - INFO - basepage.py:move_to_element:128 - Message: 

2020-11-17 17:29:06,414 - INFO - basepage.py:get_screen_img:81 - 页面已截图，截图的路径为: /Users/juanjuan/Documents/project/python/yestae-test/screenshots/2020-11-17_17_29_05.png
2020-11-17 17:29:36,525 - INFO - driver_utils.py:Driver:12 - 当前系统为Darwin
2020-11-17 17:29:36,526 - INFO - driver_utils.py:Driver:14 - 选择的浏览器为: Chrome 浏览器
2020-11-17 17:29:46,166 - INFO - basepage.py:click:86 - Click element by xpath: /html/body/div[2]/ul/div/li/div[2]/ul/div[2]...
2020-11-17 17:29:48,279 - INFO - basepage.py:click:86 - Click element by xpath: //div[@class="tb-left"]/button[1]...
2020-11-17 17:29:49,471 - INFO - basepage.py:send_key:107 - Input element by xpath: //*[@id="pane-top"]/div/form/div[1]/div[2]/div/div/div/input...
2020-11-17 17:29:49,471 - INFO - basepage.py:send_key:108 - Input: zzt-auto test
2020-11-17 17:29:49,615 - INFO - basepage.py:send_key:107 - Input element by xpath: //*[@id="pane-top"]/div/form/div[2]/div[1]/div/div/div[1]/input...
2020-11-17 17:29:49,615 - INFO - basepage.py:send_key:108 - Input: 12001
2020-11-17 17:29:49,713 - INFO - basepage.py:send_key:107 - Input element by xpath: //*[@id="pane-top"]/div/form/div[2]/div[2]/div/div/div[1]/input...
2020-11-17 17:29:49,713 - INFO - basepage.py:send_key:108 - Input: auto_test
2020-11-17 17:29:49,802 - INFO - basepage.py:click:86 - Click element by xpath: //*[@id="pane-top"]/div/form/div[3]/div/div/div/div/div[1]/input...
2020-11-17 17:29:49,943 - INFO - basepage.py:click:86 - Click element by xpath: //*[@class="el-cascader-panel"]/div/div[1]/ul/li[1]/label/span/input...
2020-11-17 17:29:59,972 - ERROR - basepage.py:find_element:47 - Can not find element: //*[@class="el-cascader-panel"]/div/div[1]/ul/li[1]/label/span/input
2020-11-17 17:30:00,330 - INFO - basepage.py:get_screen_img:81 - 页面已截图，截图的路径为: /Users/juanjuan/Documents/project/python/yestae-test/screenshots/2020-11-17_17_29_59.png
2020-11-17 17:30:00,330 - ERROR - basepage.py:click:91 - 无法点击元素: Message: 

2020-11-17 17:30:00,629 - INFO - basepage.py:get_screen_img:81 - 页面已截图，截图的路径为: /Users/juanjuan/Documents/project/python/yestae-test/screenshots/2020-11-17_17_30_00.png
2020-11-17 17:32:56,158 - INFO - driver_utils.py:Driver:12 - 当前系统为Darwin
2020-11-17 17:32:56,159 - INFO - driver_utils.py:Driver:14 - 选择的浏览器为: Chrome 浏览器
2020-11-17 17:33:04,845 - INFO - basepage.py:click:86 - Click element by xpath: /html/body/div[2]/ul/div/li/div[2]/ul/div[2]...
2020-11-17 17:33:06,952 - INFO - basepage.py:click:86 - Click element by xpath: //div[@class="tb-left"]/button[1]...
2020-11-17 17:33:08,159 - INFO - basepage.py:send_key:107 - Input element by xpath: //*[@id="pane-top"]/div/form/div[1]/div[2]/div/div/div/input...
2020-11-17 17:33:08,159 - INFO - basepage.py:send_key:108 - Input: zzt-auto test
2020-11-17 17:33:08,281 - INFO - basepage.py:send_key:107 - Input element by xpath: //*[@id="pane-top"]/div/form/div[2]/div[1]/div/div/div[1]/input...
2020-11-17 17:33:08,281 - INFO - basepage.py:send_key:108 - Input: 12001
2020-11-17 17:33:08,379 - INFO - basepage.py:send_key:107 - Input element by xpath: //*[@id="pane-top"]/div/form/div[2]/div[2]/div/div/div[1]/input...
2020-11-17 17:33:08,379 - INFO - basepage.py:send_key:108 - Input: auto_test
2020-11-17 17:33:08,491 - INFO - basepage.py:click:86 - Click element by xpath: //*[@id="pane-top"]/div/form/div[3]/div/div/div/div/div[1]/input...
2020-11-17 17:33:08,637 - INFO - basepage.py:click:86 - Click element by xpath: //*[@class="el-scrollbar__view" and @class="el-cascader-menu__list"]/li[1]/label/span/input...
2020-11-17 17:33:19,201 - ERROR - basepage.py:find_element:47 - Can not find element: //*[@class="el-scrollbar__view" and @class="el-cascader-menu__list"]/li[1]/label/span/input
2020-11-17 17:33:19,527 - INFO - basepage.py:get_screen_img:81 - 页面已截图，截图的路径为: /Users/juanjuan/Documents/project/python/yestae-test/screenshots/2020-11-17_17_33_19.png
2020-11-17 17:33:19,528 - ERROR - basepage.py:click:91 - 无法点击元素: Message: 

2020-11-17 17:33:19,842 - INFO - basepage.py:get_screen_img:81 - 页面已截图，截图的路径为: /Users/juanjuan/Documents/project/python/yestae-test/screenshots/2020-11-17_17_33_19.png
2020-11-17 17:34:51,201 - INFO - driver_utils.py:Driver:12 - 当前系统为Darwin
2020-11-17 17:34:51,202 - INFO - driver_utils.py:Driver:14 - 选择的浏览器为: Chrome 浏览器
2020-11-17 17:34:59,866 - INFO - basepage.py:click:86 - Click element by xpath: /html/body/div[2]/ul/div/li/div[2]/ul/div[2]...
2020-11-17 17:35:02,036 - INFO - basepage.py:click:86 - Click element by xpath: //div[@class="tb-left"]/button[1]...
2020-11-17 17:35:03,243 - INFO - basepage.py:send_key:107 - Input element by xpath: //*[@id="pane-top"]/div/form/div[1]/div[2]/div/div/div/input...
2020-11-17 17:35:03,244 - INFO - basepage.py:send_key:108 - Input: zzt-auto test
2020-11-17 17:35:03,358 - INFO - basepage.py:send_key:107 - Input element by xpath: //*[@id="pane-top"]/div/form/div[2]/div[1]/div/div/div[1]/input...
2020-11-17 17:35:03,359 - INFO - basepage.py:send_key:108 - Input: 12001
2020-11-17 17:35:03,457 - INFO - basepage.py:send_key:107 - Input element by xpath: //*[@id="pane-top"]/div/form/div[2]/div[2]/div/div/div[1]/input...
2020-11-17 17:35:03,457 - INFO - basepage.py:send_key:108 - Input: auto_test
2020-11-17 17:35:03,561 - INFO - basepage.py:click:86 - Click element by xpath: //*[@id="pane-top"]/div/form/div[3]/div/div/div/div/div[1]/input...
2020-11-17 17:35:03,716 - INFO - basepage.py:click:86 - Click element by xpath: //*[@class="el-cascader-node"][1]/label/span/input...
2020-11-17 17:35:13,888 - ERROR - basepage.py:find_element:47 - Can not find element: //*[@class="el-cascader-node"][1]/label/span/input
2020-11-17 17:35:14,244 - INFO - basepage.py:get_screen_img:81 - 页面已截图，截图的路径为: /Users/juanjuan/Documents/project/python/yestae-test/screenshots/2020-11-17_17_35_13.png
2020-11-17 17:35:14,244 - ERROR - basepage.py:click:91 - 无法点击元素: Message: 

2020-11-17 17:35:14,561 - INFO - basepage.py:get_screen_img:81 - 页面已截图，截图的路径为: /Users/juanjuan/Documents/project/python/yestae-test/screenshots/2020-11-17_17_35_14.png
2020-11-17 17:36:08,421 - INFO - driver_utils.py:Driver:12 - 当前系统为Darwin
2020-11-17 17:36:08,422 - INFO - driver_utils.py:Driver:14 - 选择的浏览器为: Chrome 浏览器
2020-11-17 17:36:25,742 - ERROR - basepage.py:find_element:47 - Can not find element: /html/body/div[2]/ul/div[1]
2020-11-17 17:36:26,138 - INFO - basepage.py:get_screen_img:81 - 页面已截图，截图的路径为: /Users/juanjuan/Documents/project/python/yestae-test/screenshots/2020-11-17_17_36_25.png
2020-11-17 17:36:26,138 - INFO - basepage.py:move_to_element:128 - Message: 

2020-11-17 17:36:26,439 - INFO - basepage.py:get_screen_img:81 - 页面已截图，截图的路径为: /Users/juanjuan/Documents/project/python/yestae-test/screenshots/2020-11-17_17_36_26.png
2020-11-17 17:37:36,368 - INFO - driver_utils.py:Driver:12 - 当前系统为Darwin
2020-11-17 17:37:36,369 - INFO - driver_utils.py:Driver:14 - 选择的浏览器为: Chrome 浏览器
2020-11-17 17:37:44,682 - INFO - basepage.py:click:86 - Click element by xpath: /html/body/div[2]/ul/div/li/div[2]/ul/div[2]...
2020-11-17 17:37:46,788 - INFO - basepage.py:click:86 - Click element by xpath: //div[@class="tb-left"]/button[1]...
2020-11-17 17:37:47,987 - INFO - basepage.py:send_key:107 - Input element by xpath: //*[@id="pane-top"]/div/form/div[1]/div[2]/div/div/div/input...
2020-11-17 17:37:47,987 - INFO - basepage.py:send_key:108 - Input: zzt-auto test
2020-11-17 17:37:48,112 - INFO - basepage.py:send_key:107 - Input element by xpath: //*[@id="pane-top"]/div/form/div[2]/div[1]/div/div/div[1]/input...
2020-11-17 17:37:48,112 - INFO - basepage.py:send_key:108 - Input: 12001
2020-11-17 17:37:48,212 - INFO - basepage.py:send_key:107 - Input element by xpath: //*[@id="pane-top"]/div/form/div[2]/div[2]/div/div/div[1]/input...
2020-11-17 17:37:48,212 - INFO - basepage.py:send_key:108 - Input: auto_test
2020-11-17 17:37:48,323 - INFO - basepage.py:click:86 - Click element by xpath: //*[@id="pane-top"]/div/form/div[3]/div/div/div/div/div[1]/input...
2020-11-17 17:37:48,467 - INFO - basepage.py:click:86 - Click element by xpath: //ul[@class="el-cascader-node"][1]/label/span/input...
2020-11-17 17:37:59,021 - ERROR - basepage.py:find_element:47 - Can not find element: //ul[@class="el-cascader-node"][1]/label/span/input
2020-11-17 17:37:59,331 - INFO - basepage.py:get_screen_img:81 - 页面已截图，截图的路径为: /Users/juanjuan/Documents/project/python/yestae-test/screenshots/2020-11-17_17_37_59.png
2020-11-17 17:37:59,331 - ERROR - basepage.py:click:91 - 无法点击元素: Message: 

2020-11-17 17:37:59,640 - INFO - basepage.py:get_screen_img:81 - 页面已截图，截图的路径为: /Users/juanjuan/Documents/project/python/yestae-test/screenshots/2020-11-17_17_37_59.png
2020-11-17 17:41:36,346 - INFO - driver_utils.py:Driver:12 - 当前系统为Darwin
2020-11-17 17:41:36,347 - INFO - driver_utils.py:Driver:14 - 选择的浏览器为: Chrome 浏览器
2020-11-17 17:41:45,671 - INFO - basepage.py:click:86 - Click element by xpath: /html/body/div[2]/ul/div/li/div[2]/ul/div[2]...
2020-11-17 17:41:47,790 - INFO - basepage.py:click:86 - Click element by xpath: //div[@class="tb-left"]/button[1]...
2020-11-17 17:41:48,990 - INFO - basepage.py:send_key:107 - Input element by xpath: //*[@id="pane-top"]/div/form/div[1]/div[2]/div/div/div/input...
2020-11-17 17:41:48,990 - INFO - basepage.py:send_key:108 - Input: zzt-auto test
2020-11-17 17:41:49,114 - INFO - basepage.py:send_key:107 - Input element by xpath: //*[@id="pane-top"]/div/form/div[2]/div[1]/div/div/div[1]/input...
2020-11-17 17:41:49,114 - INFO - basepage.py:send_key:108 - Input: 12001
2020-11-17 17:41:49,214 - INFO - basepage.py:send_key:107 - Input element by xpath: //*[@id="pane-top"]/div/form/div[2]/div[2]/div/div/div[1]/input...
2020-11-17 17:41:49,214 - INFO - basepage.py:send_key:108 - Input: auto_test
2020-11-17 17:41:49,317 - INFO - basepage.py:click:86 - Click element by xpath: //*[@id="pane-top"]/div/form/div[3]/div/div/div/div/div[1]/input...
2020-11-17 17:41:49,459 - INFO - basepage.py:click:86 - Click element by xpath: /html/body/div[2]/div[1]/div//div[1]/ul/li[1]/label/span/input...
2020-11-17 17:41:59,993 - ERROR - basepage.py:find_element:47 - Can not find element: /html/body/div[2]/div[1]/div//div[1]/ul/li[1]/label/span/input
2020-11-17 17:42:00,876 - INFO - basepage.py:get_screen_img:81 - 页面已截图，截图的路径为: /Users/juanjuan/Documents/project/python/yestae-test/screenshots/2020-11-17_17_41_59.png
2020-11-17 17:42:00,876 - ERROR - basepage.py:click:91 - 无法点击元素: Message: 

2020-11-17 17:42:01,191 - INFO - basepage.py:get_screen_img:81 - 页面已截图，截图的路径为: /Users/juanjuan/Documents/project/python/yestae-test/screenshots/2020-11-17_17_42_00.png
2020-11-17 17:42:09,267 - INFO - driver_utils.py:Driver:12 - 当前系统为Darwin
2020-11-17 17:42:09,268 - INFO - driver_utils.py:Driver:14 - 选择的浏览器为: Chrome 浏览器
2020-11-17 17:42:18,562 - INFO - basepage.py:click:86 - Click element by xpath: /html/body/div[2]/ul/div/li/div[2]/ul/div[2]...
2020-11-17 17:42:20,671 - INFO - basepage.py:click:86 - Click element by xpath: //div[@class="tb-left"]/button[1]...
2020-11-17 17:42:21,874 - INFO - basepage.py:send_key:107 - Input element by xpath: //*[@id="pane-top"]/div/form/div[1]/div[2]/div/div/div/input...
2020-11-17 17:42:21,874 - INFO - basepage.py:send_key:108 - Input: zzt-auto test
2020-11-17 17:42:21,993 - INFO - basepage.py:send_key:107 - Input element by xpath: //*[@id="pane-top"]/div/form/div[2]/div[1]/div/div/div[1]/input...
2020-11-17 17:42:21,993 - INFO - basepage.py:send_key:108 - Input: 12001
2020-11-17 17:42:22,085 - INFO - basepage.py:send_key:107 - Input element by xpath: //*[@id="pane-top"]/div/form/div[2]/div[2]/div/div/div[1]/input...
2020-11-17 17:42:22,085 - INFO - basepage.py:send_key:108 - Input: auto_test
2020-11-17 17:42:22,199 - INFO - basepage.py:click:86 - Click element by xpath: //*[@id="pane-top"]/div/form/div[3]/div/div/div/div/div[1]/input...
2020-11-17 17:42:22,345 - INFO - basepage.py:click:86 - Click element by xpath: /html/body/div[2]/div[1]/div//div[1]/ul/li[1]/label/span/input...
2020-11-17 17:42:32,910 - ERROR - basepage.py:find_element:47 - Can not find element: /html/body/div[2]/div[1]/div//div[1]/ul/li[1]/label/span/input
2020-11-17 17:42:33,302 - INFO - basepage.py:get_screen_img:81 - 页面已截图，截图的路径为: /Users/juanjuan/Documents/project/python/yestae-test/screenshots/2020-11-17_17_42_32.png
2020-11-17 17:42:33,302 - ERROR - basepage.py:click:91 - 无法点击元素: Message: 

2020-11-17 17:42:33,608 - INFO - basepage.py:get_screen_img:81 - 页面已截图，截图的路径为: /Users/juanjuan/Documents/project/python/yestae-test/screenshots/2020-11-17_17_42_33.png
2020-11-17 17:53:01,219 - INFO - driver_utils.py:Driver:12 - 当前系统为Darwin
2020-11-17 17:53:01,221 - INFO - driver_utils.py:Driver:14 - 选择的浏览器为: Chrome 浏览器
2020-11-17 17:53:12,782 - ERROR - basepage.py:find_element:51 - Can not find element: /html/body/div[2]/ul/div[1], exception is: Message: no such window: window was already closed
  (Session info: chrome=86.0.4240.198)

2020-11-17 17:53:12,790 - ERROR - basepage.py:get_screen_img:83 - 失败截图 Message: no such window: window was already closed
  (Session info: chrome=86.0.4240.198)

2020-11-17 17:53:12,790 - INFO - basepage.py:move_to_element:128 - Message: no such window: window was already closed
  (Session info: chrome=86.0.4240.198)

2020-11-17 17:53:12,843 - ERROR - basepage.py:get_screen_img:83 - 失败截图 Message: no such window: window was already closed
  (Session info: chrome=86.0.4240.198)

2020-11-17 17:53:16,133 - INFO - driver_utils.py:Driver:12 - 当前系统为Darwin
2020-11-17 17:53:16,133 - INFO - driver_utils.py:Driver:14 - 选择的浏览器为: Chrome 浏览器
2020-11-17 17:53:24,856 - INFO - basepage.py:click:86 - Click element by xpath: /html/body/div[2]/ul/div/li/div[2]/ul/div[2]...
2020-11-17 17:53:26,972 - INFO - basepage.py:click:86 - Click element by xpath: //div[@class="tb-left"]/button[1]...
2020-11-17 17:53:28,176 - INFO - basepage.py:send_key:107 - Input element by xpath: //*[@id="pane-top"]/div/form/div[1]/div[2]/div/div/div/input...
2020-11-17 17:53:28,176 - INFO - basepage.py:send_key:108 - Input: zzt-auto test
2020-11-17 17:53:28,320 - INFO - basepage.py:send_key:107 - Input element by xpath: //*[@id="pane-top"]/div/form/div[2]/div[1]/div/div/div[1]/input...
2020-11-17 17:53:28,320 - INFO - basepage.py:send_key:108 - Input: 12001
2020-11-17 17:53:28,419 - INFO - basepage.py:send_key:107 - Input element by xpath: //*[@id="pane-top"]/div/form/div[2]/div[2]/div/div/div[1]/input...
2020-11-17 17:53:28,419 - INFO - basepage.py:send_key:108 - Input: auto_test
2020-11-17 17:53:28,523 - INFO - basepage.py:click:86 - Click element by xpath: //*[@id="pane-top"]/div/form/div[3]/div/div/div/div/div[1]/input...
2020-11-17 17:53:28,678 - INFO - basepage.py:click:86 - Click element by xpath: //li[start-with(@ id, "cascader-menu-")][1]/label/span/input...
2020-11-17 17:53:39,138 - ERROR - basepage.py:find_element:47 - Can not find element: //li[start-with(@ id, "cascader-menu-")][1]/label/span/input
2020-11-17 17:53:39,465 - INFO - basepage.py:get_screen_img:81 - 页面已截图，截图的路径为: /Users/juanjuan/Documents/project/python/yestae-test/screenshots/2020-11-17_17_53_39.png
2020-11-17 17:53:39,465 - ERROR - basepage.py:click:91 - 无法点击元素: Message: 

2020-11-17 17:53:39,772 - INFO - basepage.py:get_screen_img:81 - 页面已截图，截图的路径为: /Users/juanjuan/Documents/project/python/yestae-test/screenshots/2020-11-17_17_53_39.png
2020-11-17 17:54:00,822 - INFO - driver_utils.py:Driver:12 - 当前系统为Darwin
2020-11-17 17:54:00,823 - INFO - driver_utils.py:Driver:14 - 选择的浏览器为: Chrome 浏览器
2020-11-17 17:54:09,953 - INFO - basepage.py:click:86 - Click element by xpath: /html/body/div[2]/ul/div/li/div[2]/ul/div[2]...
2020-11-17 17:54:12,070 - INFO - basepage.py:click:86 - Click element by xpath: //div[@class="tb-left"]/button[1]...
2020-11-17 17:54:13,376 - INFO - basepage.py:send_key:107 - Input element by xpath: //*[@id="pane-top"]/div/form/div[1]/div[2]/div/div/div/input...
2020-11-17 17:54:13,376 - INFO - basepage.py:send_key:108 - Input: zzt-auto test
2020-11-17 17:54:13,532 - INFO - basepage.py:send_key:107 - Input element by xpath: //*[@id="pane-top"]/div/form/div[2]/div[1]/div/div/div[1]/input...
2020-11-17 17:54:13,532 - INFO - basepage.py:send_key:108 - Input: 12001
2020-11-17 17:54:13,629 - INFO - basepage.py:send_key:107 - Input element by xpath: //*[@id="pane-top"]/div/form/div[2]/div[2]/div/div/div[1]/input...
2020-11-17 17:54:13,629 - INFO - basepage.py:send_key:108 - Input: auto_test
2020-11-17 17:54:13,737 - INFO - basepage.py:click:86 - Click element by xpath: //*[@id="pane-top"]/div/form/div[3]/div/div/div/div/div[1]/input...
2020-11-17 17:54:13,911 - INFO - basepage.py:click:86 - Click element by xpath: //li[start-with(@id, "cascader-menu-")][1]/label/span/input...
2020-11-17 17:54:24,374 - ERROR - basepage.py:find_element:47 - Can not find element: //li[start-with(@id, "cascader-menu-")][1]/label/span/input
2020-11-17 17:54:24,692 - INFO - basepage.py:get_screen_img:81 - 页面已截图，截图的路径为: /Users/juanjuan/Documents/project/python/yestae-test/screenshots/2020-11-17_17_54_24.png
2020-11-17 17:54:24,692 - ERROR - basepage.py:click:91 - 无法点击元素: Message: 

2020-11-17 17:54:25,017 - INFO - basepage.py:get_screen_img:81 - 页面已截图，截图的路径为: /Users/juanjuan/Documents/project/python/yestae-test/screenshots/2020-11-17_17_54_24.png
2020-11-17 17:57:32,363 - INFO - driver_utils.py:Driver:12 - 当前系统为Darwin
2020-11-17 17:57:32,365 - INFO - driver_utils.py:Driver:14 - 选择的浏览器为: Chrome 浏览器
2020-11-17 17:57:41,649 - INFO - basepage.py:click:86 - Click element by xpath: /html/body/div[2]/ul/div/li/div[2]/ul/div[2]...
2020-11-17 17:57:43,742 - INFO - basepage.py:click:86 - Click element by xpath: //div[@class="tb-left"]/button[1]...
2020-11-17 17:57:44,943 - INFO - basepage.py:send_key:107 - Input element by xpath: //*[@id="pane-top"]/div/form/div[1]/div[2]/div/div/div/input...
2020-11-17 17:57:44,943 - INFO - basepage.py:send_key:108 - Input: zzt-auto test
2020-11-17 17:57:45,071 - INFO - basepage.py:send_key:107 - Input element by xpath: //*[@id="pane-top"]/div/form/div[2]/div[1]/div/div/div[1]/input...
2020-11-17 17:57:45,071 - INFO - basepage.py:send_key:108 - Input: 12001
2020-11-17 17:57:45,182 - INFO - basepage.py:send_key:107 - Input element by xpath: //*[@id="pane-top"]/div/form/div[2]/div[2]/div/div/div[1]/input...
2020-11-17 17:57:45,182 - INFO - basepage.py:send_key:108 - Input: auto_test
2020-11-17 17:57:45,295 - INFO - basepage.py:click:86 - Click element by xpath: //*[@id="pane-top"]/div/form/div[3]/div/div/div/div/div[1]/input...
2020-11-17 17:57:45,434 - INFO - basepage.py:click:86 - Click element by xpath: //input[@class="el-checkbox__original")][1]...
2020-11-17 17:57:55,755 - ERROR - basepage.py:find_element:47 - Can not find element: //input[@class="el-checkbox__original")][1]
2020-11-17 17:57:56,082 - INFO - basepage.py:get_screen_img:81 - 页面已截图，截图的路径为: /Users/juanjuan/Documents/project/python/yestae-test/screenshots/2020-11-17_17_57_55.png
2020-11-17 17:57:56,082 - ERROR - basepage.py:click:91 - 无法点击元素: Message: 

2020-11-17 17:57:56,394 - INFO - basepage.py:get_screen_img:81 - 页面已截图，截图的路径为: /Users/juanjuan/Documents/project/python/yestae-test/screenshots/2020-11-17_17_57_56.png
2020-11-17 17:58:16,772 - INFO - driver_utils.py:Driver:12 - 当前系统为Darwin
2020-11-17 17:58:16,772 - INFO - driver_utils.py:Driver:14 - 选择的浏览器为: Chrome 浏览器
2020-11-17 17:58:25,991 - INFO - basepage.py:click:86 - Click element by xpath: /html/body/div[2]/ul/div/li/div[2]/ul/div[2]...
2020-11-17 17:58:28,109 - INFO - basepage.py:click:86 - Click element by xpath: //div[@class="tb-left"]/button[1]...
2020-11-17 17:58:29,333 - INFO - basepage.py:send_key:107 - Input element by xpath: //*[@id="pane-top"]/div/form/div[1]/div[2]/div/div/div/input...
2020-11-17 17:58:29,334 - INFO - basepage.py:send_key:108 - Input: zzt-auto test
2020-11-17 17:58:29,455 - INFO - basepage.py:send_key:107 - Input element by xpath: //*[@id="pane-top"]/div/form/div[2]/div[1]/div/div/div[1]/input...
2020-11-17 17:58:29,455 - INFO - basepage.py:send_key:108 - Input: 12001
2020-11-17 17:58:29,555 - INFO - basepage.py:send_key:107 - Input element by xpath: //*[@id="pane-top"]/div/form/div[2]/div[2]/div/div/div[1]/input...
2020-11-17 17:58:29,555 - INFO - basepage.py:send_key:108 - Input: auto_test
2020-11-17 17:58:29,671 - INFO - basepage.py:click:86 - Click element by xpath: //*[@id="pane-top"]/div/form/div[3]/div/div/div/div/div[1]/input...
2020-11-17 17:58:31,831 - INFO - basepage.py:click:86 - Click element by xpath: //input[@class="el-checkbox__original")][1]...
2020-11-17 17:58:42,263 - ERROR - basepage.py:find_element:47 - Can not find element: //input[@class="el-checkbox__original")][1]
2020-11-17 17:58:42,581 - INFO - basepage.py:get_screen_img:81 - 页面已截图，截图的路径为: /Users/juanjuan/Documents/project/python/yestae-test/screenshots/2020-11-17_17_58_42.png
2020-11-17 17:58:42,581 - ERROR - basepage.py:click:91 - 无法点击元素: Message: 

2020-11-17 17:58:42,891 - INFO - basepage.py:get_screen_img:81 - 页面已截图，截图的路径为: /Users/juanjuan/Documents/project/python/yestae-test/screenshots/2020-11-17_17_58_42.png
2020-11-17 17:59:12,315 - INFO - driver_utils.py:Driver:12 - 当前系统为Darwin
2020-11-17 17:59:12,316 - INFO - driver_utils.py:Driver:14 - 选择的浏览器为: Chrome 浏览器
2020-11-17 17:59:25,452 - ERROR - basepage.py:find_element:51 - Can not find element: /html/body/div[2]/ul/div[1], exception is: 'NoneType' object has no attribute 'is_displayed'
2020-11-17 17:59:25,453 - ERROR - basepage.py:get_screen_img:83 - 失败截图 Message: no such window: target window already closed
from unknown error: web view not found
  (Session info: chrome=86.0.4240.198)

2020-11-17 17:59:25,454 - INFO - basepage.py:move_to_element:128 - 'NoneType' object has no attribute 'is_displayed'
2020-11-17 17:59:25,455 - ERROR - basepage.py:get_screen_img:83 - 失败截图 Message: no such window: target window already closed
from unknown error: web view not found
  (Session info: chrome=86.0.4240.198)

2020-11-17 17:59:31,973 - INFO - driver_utils.py:Driver:12 - 当前系统为Darwin
2020-11-17 17:59:31,974 - INFO - driver_utils.py:Driver:14 - 选择的浏览器为: Chrome 浏览器
2020-11-17 17:59:40,325 - INFO - basepage.py:click:86 - Click element by xpath: /html/body/div[2]/ul/div/li/div[2]/ul/div[2]...
2020-11-17 17:59:42,438 - INFO - basepage.py:click:86 - Click element by xpath: //div[@class="tb-left"]/button[1]...
2020-11-17 17:59:43,645 - INFO - basepage.py:send_key:107 - Input element by xpath: //*[@id="pane-top"]/div/form/div[1]/div[2]/div/div/div/input...
2020-11-17 17:59:43,645 - INFO - basepage.py:send_key:108 - Input: zzt-auto test
2020-11-17 17:59:43,784 - INFO - basepage.py:send_key:107 - Input element by xpath: //*[@id="pane-top"]/div/form/div[2]/div[1]/div/div/div[1]/input...
2020-11-17 17:59:43,784 - INFO - basepage.py:send_key:108 - Input: 12001
2020-11-17 17:59:43,884 - INFO - basepage.py:send_key:107 - Input element by xpath: //*[@id="pane-top"]/div/form/div[2]/div[2]/div/div/div[1]/input...
2020-11-17 17:59:43,884 - INFO - basepage.py:send_key:108 - Input: auto_test
2020-11-17 17:59:43,995 - INFO - basepage.py:click:86 - Click element by xpath: //*[@id="pane-top"]/div/form/div[3]/div/div/div/div/div[1]/input...
2020-11-17 17:59:46,141 - INFO - basepage.py:click:86 - Click element by xpath: //input[@class="el-checkbox__original"][1]...
2020-11-17 17:59:56,322 - ERROR - basepage.py:find_element:47 - Can not find element: //input[@class="el-checkbox__original"][1]
2020-11-17 17:59:56,650 - INFO - basepage.py:get_screen_img:81 - 页面已截图，截图的路径为: /Users/juanjuan/Documents/project/python/yestae-test/screenshots/2020-11-17_17_59_56.png
2020-11-17 17:59:56,650 - ERROR - basepage.py:click:91 - 无法点击元素: Message: 

2020-11-17 17:59:56,951 - INFO - basepage.py:get_screen_img:81 - 页面已截图，截图的路径为: /Users/juanjuan/Documents/project/python/yestae-test/screenshots/2020-11-17_17_59_56.png
2020-11-17 18:02:39,416 - INFO - driver_utils.py:Driver:12 - 当前系统为Darwin
2020-11-17 18:02:39,417 - INFO - driver_utils.py:Driver:14 - 选择的浏览器为: Chrome 浏览器
2020-11-17 18:02:48,486 - INFO - basepage.py:click:86 - Click element by xpath: /html/body/div[2]/ul/div/li/div[2]/ul/div[2]...
2020-11-17 18:02:50,591 - INFO - basepage.py:click:86 - Click element by xpath: //div[@class="tb-left"]/button[1]...
2020-11-17 18:02:51,801 - INFO - basepage.py:send_key:107 - Input element by xpath: //*[@id="pane-top"]/div/form/div[1]/div[2]/div/div/div/input...
2020-11-17 18:02:51,802 - INFO - basepage.py:send_key:108 - Input: zzt-auto test
2020-11-17 18:02:51,939 - INFO - basepage.py:send_key:107 - Input element by xpath: //*[@id="pane-top"]/div/form/div[2]/div[1]/div/div/div[1]/input...
2020-11-17 18:02:51,939 - INFO - basepage.py:send_key:108 - Input: 12001
2020-11-17 18:02:52,036 - INFO - basepage.py:send_key:107 - Input element by xpath: //*[@id="pane-top"]/div/form/div[2]/div[2]/div/div/div[1]/input...
2020-11-17 18:02:52,036 - INFO - basepage.py:send_key:108 - Input: auto_test
2020-11-17 18:02:52,140 - INFO - basepage.py:click:86 - Click element by xpath: //*[@id="pane-top"]/div/form/div[3]/div/div/div/div/div[1]/input...
2020-11-17 18:02:54,288 - INFO - basepage.py:click:86 - Click element by xpath: //input[@class="el-checkbox__original"]...
2020-11-17 18:03:04,450 - ERROR - basepage.py:find_element:47 - Can not find element: //input[@class="el-checkbox__original"]
2020-11-17 18:03:04,765 - INFO - basepage.py:get_screen_img:81 - 页面已截图，截图的路径为: /Users/juanjuan/Documents/project/python/yestae-test/screenshots/2020-11-17_18_03_04.png
2020-11-17 18:03:04,765 - ERROR - basepage.py:click:91 - 无法点击元素: Message: 

2020-11-17 18:03:05,095 - INFO - basepage.py:get_screen_img:81 - 页面已截图，截图的路径为: /Users/juanjuan/Documents/project/python/yestae-test/screenshots/2020-11-17_18_03_04.png
2020-11-17 18:06:27,685 - INFO - driver_utils.py:Driver:12 - 当前系统为Darwin
2020-11-17 18:06:27,687 - INFO - driver_utils.py:Driver:14 - 选择的浏览器为: Chrome 浏览器
2020-11-17 18:06:36,742 - INFO - basepage.py:click:86 - Click element by xpath: /html/body/div[2]/ul/div/li/div[2]/ul/div[2]...
2020-11-17 18:06:38,855 - INFO - basepage.py:click:86 - Click element by xpath: //div[@class="tb-left"]/button[1]...
2020-11-17 18:06:40,060 - INFO - basepage.py:send_key:107 - Input element by xpath: //*[@id="pane-top"]/div/form/div[1]/div[2]/div/div/div/input...
2020-11-17 18:06:40,061 - INFO - basepage.py:send_key:108 - Input: zzt-auto test
2020-11-17 18:06:40,183 - INFO - basepage.py:send_key:107 - Input element by xpath: //*[@id="pane-top"]/div/form/div[2]/div[1]/div/div/div[1]/input...
2020-11-17 18:06:40,183 - INFO - basepage.py:send_key:108 - Input: 12001
2020-11-17 18:06:40,282 - INFO - basepage.py:send_key:107 - Input element by xpath: //*[@id="pane-top"]/div/form/div[2]/div[2]/div/div/div[1]/input...
2020-11-17 18:06:40,283 - INFO - basepage.py:send_key:108 - Input: auto_test
2020-11-17 18:06:40,396 - INFO - basepage.py:click:86 - Click element by xpath: //*[@id="pane-top"]/div/form/div[3]/div/div/div/div/div[1]/input...
2020-11-17 18:06:42,541 - INFO - basepage.py:click:86 - Click element by xpath: //ul[contains(@class,"el-cascader-menu__list")]/li[1]/label/span/span...
2020-11-17 18:06:42,706 - INFO - basepage.py:click:86 - Click element by xpath: //*[@type='text' and @placeholder='请选择']...
2020-11-17 18:06:43,796 - ERROR - basepage.py:click:91 - 无法点击元素: Message: element click intercepted: Element <input type="text" readonly="readonly" autocomplete="off" placeholder="请选择" class="el-input__inner" style="height: 30px;" aria-expanded="true"> is not clickable at point (806, 230). Other element would receive the click: <div class="el-cascader__tags">...</div>
  (Session info: chrome=86.0.4240.198)

2020-11-17 18:06:44,124 - INFO - basepage.py:get_screen_img:81 - 页面已截图，截图的路径为: /Users/juanjuan/Documents/project/python/yestae-test/screenshots/2020-11-17_18_06_43.png
2020-11-17 18:09:02,169 - INFO - driver_utils.py:Driver:12 - 当前系统为Darwin
2020-11-17 18:09:02,172 - INFO - driver_utils.py:Driver:14 - 选择的浏览器为: Chrome 浏览器
2020-11-17 18:09:11,692 - INFO - basepage.py:click:86 - Click element by xpath: /html/body/div[2]/ul/div/li/div[2]/ul/div[2]...
2020-11-17 18:09:13,822 - INFO - basepage.py:click:86 - Click element by xpath: //div[@class="tb-left"]/button[1]...
2020-11-17 18:09:14,978 - INFO - basepage.py:send_key:107 - Input element by xpath: //*[@id="pane-top"]/div/form/div[1]/div[2]/div/div/div/input...
2020-11-17 18:09:14,978 - INFO - basepage.py:send_key:108 - Input: zzt-auto test
2020-11-17 18:09:15,103 - INFO - basepage.py:send_key:107 - Input element by xpath: //*[@id="pane-top"]/div/form/div[2]/div[1]/div/div/div[1]/input...
2020-11-17 18:09:15,103 - INFO - basepage.py:send_key:108 - Input: 12001
2020-11-17 18:09:15,205 - INFO - basepage.py:send_key:107 - Input element by xpath: //*[@id="pane-top"]/div/form/div[2]/div[2]/div/div/div[1]/input...
2020-11-17 18:09:15,205 - INFO - basepage.py:send_key:108 - Input: auto_test
2020-11-17 18:09:15,310 - INFO - basepage.py:click:86 - Click element by xpath: //*[@id="pane-top"]/div/form/div[3]/div/div/div/div/div[1]/input...
2020-11-17 18:09:15,465 - INFO - basepage.py:click:86 - Click element by xpath: //ul[contains(@class,"el-cascader-menu__list")]/li[1]/label/span/span...
2020-11-17 18:09:15,590 - INFO - basepage.py:click:86 - Click element by xpath: //*[@id="pane-top"]/div/form/div[1]/div[2]/div/div/div/input...
2020-11-17 18:09:15,635 - INFO - basepage.py:click:86 - Click element by xpath: //*[@type='text' and @placeholder='请选择']...
2020-11-17 18:09:16,715 - ERROR - basepage.py:click:91 - 无法点击元素: Message: element click intercepted: Element <input type="text" readonly="readonly" autocomplete="off" placeholder="请选择" class="el-input__inner" style="height: 30px;" aria-expanded="false"> is not clickable at point (806, 230). Other element would receive the click: <div class="el-cascader__tags">...</div>
  (Session info: chrome=86.0.4240.198)

2020-11-17 18:09:17,030 - INFO - basepage.py:get_screen_img:81 - 页面已截图，截图的路径为: /Users/juanjuan/Documents/project/python/yestae-test/screenshots/2020-11-17_18_09_16.png
2020-11-17 18:10:24,987 - INFO - driver_utils.py:Driver:12 - 当前系统为Darwin
2020-11-17 18:10:24,988 - INFO - driver_utils.py:Driver:14 - 选择的浏览器为: Chrome 浏览器
2020-11-17 18:10:34,772 - INFO - basepage.py:click:86 - Click element by xpath: /html/body/div[2]/ul/div/li/div[2]/ul/div[2]...
2020-11-17 18:10:36,878 - INFO - basepage.py:click:86 - Click element by xpath: //div[@class="tb-left"]/button[1]...
2020-11-17 18:10:38,081 - INFO - basepage.py:send_key:107 - Input element by xpath: //*[@id="pane-top"]/div/form/div[1]/div[2]/div/div/div/input...
2020-11-17 18:10:38,081 - INFO - basepage.py:send_key:108 - Input: zzt-auto test
2020-11-17 18:10:38,215 - INFO - basepage.py:send_key:107 - Input element by xpath: //*[@id="pane-top"]/div/form/div[2]/div[1]/div/div/div[1]/input...
2020-11-17 18:10:38,216 - INFO - basepage.py:send_key:108 - Input: 12001
2020-11-17 18:10:38,322 - INFO - basepage.py:send_key:107 - Input element by xpath: //*[@id="pane-top"]/div/form/div[2]/div[2]/div/div/div[1]/input...
2020-11-17 18:10:38,322 - INFO - basepage.py:send_key:108 - Input: auto_test
2020-11-17 18:10:38,426 - INFO - basepage.py:click:86 - Click element by xpath: //*[@id="pane-top"]/div/form/div[3]/div/div/div/div/div[1]/input...
2020-11-17 18:10:38,583 - INFO - basepage.py:click:86 - Click element by xpath: //ul[contains(@class,"el-cascader-menu__list")]/li[1]/label/span/span...
2020-11-17 18:10:38,706 - INFO - basepage.py:click:86 - Click element by xpath: //*[@id="pane-top"]/div/form/div[1]/div[2]/div/div/div/input...
2020-11-17 18:10:38,750 - INFO - basepage.py:click:86 - Click element by xpath: //*[@id='pane-top']/div/form/div[6]/div/div/div/div/div...
2020-11-17 18:10:38,822 - INFO - basepage.py:click:86 - Click element by xpath: /html/body/div[3]/div[1]/div/div[1]/ul/li[1]...
2020-11-17 18:10:48,925 - ERROR - basepage.py:find_element:47 - Can not find element: /html/body/div[3]/div[1]/div/div[1]/ul/li[1]
2020-11-17 18:10:49,261 - INFO - basepage.py:get_screen_img:81 - 页面已截图，截图的路径为: /Users/juanjuan/Documents/project/python/yestae-test/screenshots/2020-11-17_18_10_48.png
2020-11-17 18:10:49,261 - ERROR - basepage.py:click:91 - 无法点击元素: Message: 

2020-11-17 18:10:49,575 - INFO - basepage.py:get_screen_img:81 - 页面已截图，截图的路径为: /Users/juanjuan/Documents/project/python/yestae-test/screenshots/2020-11-17_18_10_49.png
2020-11-17 18:12:41,660 - INFO - driver_utils.py:Driver:12 - 当前系统为Darwin
2020-11-17 18:12:41,662 - INFO - driver_utils.py:Driver:14 - 选择的浏览器为: Chrome 浏览器
2020-11-17 18:12:50,418 - INFO - basepage.py:click:86 - Click element by xpath: /html/body/div[2]/ul/div/li/div[2]/ul/div[2]...
2020-11-17 18:12:52,527 - INFO - basepage.py:click:86 - Click element by xpath: //div[@class="tb-left"]/button[1]...
2020-11-17 18:12:53,746 - INFO - basepage.py:send_key:107 - Input element by xpath: //*[@id="pane-top"]/div/form/div[1]/div[2]/div/div/div/input...
2020-11-17 18:12:53,746 - INFO - basepage.py:send_key:108 - Input: zzt-auto test
2020-11-17 18:12:53,873 - INFO - basepage.py:send_key:107 - Input element by xpath: //*[@id="pane-top"]/div/form/div[2]/div[1]/div/div/div[1]/input...
2020-11-17 18:12:53,873 - INFO - basepage.py:send_key:108 - Input: 12001
2020-11-17 18:12:53,980 - INFO - basepage.py:send_key:107 - Input element by xpath: //*[@id="pane-top"]/div/form/div[2]/div[2]/div/div/div[1]/input...
2020-11-17 18:12:53,980 - INFO - basepage.py:send_key:108 - Input: auto_test
2020-11-17 18:12:54,085 - INFO - basepage.py:click:86 - Click element by xpath: //*[@id="pane-top"]/div/form/div[3]/div/div/div/div/div[1]/input...
2020-11-17 18:12:54,233 - INFO - basepage.py:click:86 - Click element by xpath: //ul[contains(@class,"el-cascader-menu__list")]/li[1]/label/span/span...
2020-11-17 18:12:54,355 - INFO - basepage.py:click:86 - Click element by xpath: //*[@id="pane-top"]/div/form/div[1]/div[2]/div/div/div/input...
2020-11-17 18:12:54,399 - INFO - basepage.py:click:86 - Click element by xpath: //*[@id='pane-top']/div/form/div[6]/div/div/div/div/div...
2020-11-17 18:12:54,472 - INFO - basepage.py:click:86 - Click element by xpath: //ul[contains(@name,'el-select-dropdown__list')]/li[1]...
2020-11-17 18:13:05,033 - ERROR - basepage.py:find_element:47 - Can not find element: //ul[contains(@name,'el-select-dropdown__list')]/li[1]
2020-11-17 18:13:05,440 - INFO - basepage.py:get_screen_img:81 - 页面已截图，截图的路径为: /Users/juanjuan/Documents/project/python/yestae-test/screenshots/2020-11-17_18_13_05.png
2020-11-17 18:13:05,440 - ERROR - basepage.py:click:91 - 无法点击元素: Message: 

2020-11-17 18:13:05,795 - INFO - basepage.py:get_screen_img:81 - 页面已截图，截图的路径为: /Users/juanjuan/Documents/project/python/yestae-test/screenshots/2020-11-17_18_13_05.png
2020-11-17 18:13:20,551 - INFO - driver_utils.py:Driver:12 - 当前系统为Darwin
2020-11-17 18:13:20,552 - INFO - driver_utils.py:Driver:14 - 选择的浏览器为: Chrome 浏览器
2020-11-17 18:13:29,875 - INFO - basepage.py:click:86 - Click element by xpath: /html/body/div[2]/ul/div/li/div[2]/ul/div[2]...
2020-11-17 18:13:31,982 - INFO - basepage.py:click:86 - Click element by xpath: //div[@class="tb-left"]/button[1]...
2020-11-17 18:13:33,181 - INFO - basepage.py:send_key:107 - Input element by xpath: //*[@id="pane-top"]/div/form/div[1]/div[2]/div/div/div/input...
2020-11-17 18:13:33,181 - INFO - basepage.py:send_key:108 - Input: zzt-auto test
2020-11-17 18:13:33,293 - INFO - basepage.py:send_key:107 - Input element by xpath: //*[@id="pane-top"]/div/form/div[2]/div[1]/div/div/div[1]/input...
2020-11-17 18:13:33,293 - INFO - basepage.py:send_key:108 - Input: 12001
2020-11-17 18:13:33,390 - INFO - basepage.py:send_key:107 - Input element by xpath: //*[@id="pane-top"]/div/form/div[2]/div[2]/div/div/div[1]/input...
2020-11-17 18:13:33,390 - INFO - basepage.py:send_key:108 - Input: auto_test
2020-11-17 18:13:33,506 - INFO - basepage.py:click:86 - Click element by xpath: //*[@id="pane-top"]/div/form/div[3]/div/div/div/div/div[1]/input...
2020-11-17 18:13:33,667 - INFO - basepage.py:click:86 - Click element by xpath: //ul[contains(@class,"el-cascader-menu__list")]/li[1]/label/span/span...
2020-11-17 18:13:33,795 - INFO - basepage.py:click:86 - Click element by xpath: //*[@id="pane-top"]/div/form/div[1]/div[2]/div/div/div/input...
2020-11-17 18:13:33,839 - INFO - basepage.py:click:86 - Click element by xpath: //*[@id='pane-top']/div/form/div[6]/div/div/div/div/div...
2020-11-17 18:13:33,914 - INFO - basepage.py:click:86 - Click element by xpath: //ul[contains(@class,'el-select-dropdown__list')]/li[1]...
